<?xml version="1.0" encoding="UTF-8"?>
<testsuite xmlns:xsi="http://www.w3.org/2001/XMLSchema-instance" xsi:noNamespaceSchemaLocation="https://maven.apache.org/surefire/maven-surefire-plugin/xsd/surefire-test-report.xsd" version="3.0.2" name="com.example.api.ApiApplicationTests" time="2.862" tests="1" errors="0" skipped="0" failures="0">
  <properties>
[...]
</properties>
  <testcase name="contextLoads" classname="com.example.api.ApiApplicationTests" time="0.229">
    <system-out><![CDATA[20:24:25.291 [main] INFO org.springframework.test.context.support.AnnotationConfigContextLoaderUtils -- Could not detect default configuration classes for test class [com.example.api.ApiApplicationTests]: ApiApplicationTests does not declare any static, non-private, non-final, nested classes annotated with @Configuration.
20:24:25.359 [main] INFO org.springframework.boot.test.context.SpringBootTestContextBootstrapper -- Found @SpringBootConfiguration com.example.api.ApiApplication for test class com.example.api.ApiApplicationTests
20:24:25.425 [main] INFO org.springframework.boot.devtools.restart.RestartApplicationListener -- Restart disabled due to context in which it is running

  .   ____          _            __ _ _
 /\\ / ___'_ __ _ _(_)_ __  __ _ \ \ \ \
( ( )\___ | '_ | '_| | '_ \/ _` | \ \ \ \
 \\/  ___)| |_)| | | | | || (_| |  ) ) ) )
  '  |____| .__|_| |_|_| |_\__, | / / / /
 =========|_|==============|___/=/_/_/_/

 :: Spring Boot ::                (v3.4.3)

2025-03-28T20:24:25.593-03:00  INFO 10968 --- [           main] com.example.api.ApiApplicationTests      : Starting ApiApplicationTests using Java 18.0.2.1 with PID 10968 (started by labsfiap in C:\Users\labsfiap\Desktop\cp1\API-springboot-SOA)
2025-03-28T20:24:25.594-03:00 DEBUG 10968 --- [           main] com.example.api.ApiApplicationTests      : Running with Spring Boot v3.4.3, Spring v6.2.3
2025-03-28T20:24:25.594-03:00  INFO 10968 --- [           main] com.example.api.ApiApplicationTests      : No active profile set, falling back to 1 default profile: "default"
2025-03-28T20:24:25.594-03:00 DEBUG 10968 --- [           main] o.s.boot.SpringApplication               : Loading source class com.example.api.ApiApplication
2025-03-28T20:24:25.610-03:00 DEBUG 10968 --- [           main] o.s.w.c.s.GenericWebApplicationContext   : Refreshing org.springframework.web.context.support.GenericWebApplicationContext@5fa05212
2025-03-28T20:24:25.619-03:00 DEBUG 10968 --- [           main] o.s.b.f.s.DefaultListableBeanFactory     : Creating shared instance of singleton bean 'org.springframework.context.annotation.internalConfigurationAnnotationProcessor'
2025-03-28T20:24:25.625-03:00 DEBUG 10968 --- [           main] o.s.b.f.s.DefaultListableBeanFactory     : Creating shared instance of singleton bean 'org.springframework.boot.autoconfigure.internalCachingMetadataReaderFactory'
2025-03-28T20:24:25.646-03:00 DEBUG 10968 --- [           main] o.s.c.a.ClassPathBeanDefinitionScanner   : Identified candidate component class: file [C:\Users\labsfiap\Desktop\cp1\API-springboot-SOA\target\classes\com\example\api\config\DataLoader.class]
2025-03-28T20:24:25.658-03:00 DEBUG 10968 --- [           main] o.s.c.a.ClassPathBeanDefinitionScanner   : Identified candidate component class: file [C:\Users\labsfiap\Desktop\cp1\API-springboot-SOA\target\classes\com\example\api\controller\PedidoController.class]
2025-03-28T20:24:25.659-03:00 DEBUG 10968 --- [           main] o.s.c.a.ClassPathBeanDefinitionScanner   : Identified candidate component class: file [C:\Users\labsfiap\Desktop\cp1\API-springboot-SOA\target\classes\com\example\api\service\PedidoService.class]
2025-03-28T20:24:25.921-03:00  INFO 10968 --- [           main] .s.d.r.c.RepositoryConfigurationDelegate : Bootstrapping Spring Data JPA repositories in DEFAULT mode.
2025-03-28T20:24:25.929-03:00 DEBUG 10968 --- [           main] o.s.b.f.s.DefaultListableBeanFactory     : Creating shared instance of singleton bean 'org.springframework.boot.autoconfigure.AutoConfigurationPackages'
2025-03-28T20:24:25.937-03:00 DEBUG 10968 --- [           main] o.s.b.a.AutoConfigurationPackages        : @EnableAutoConfiguration was declared on a class in the package 'com.example.api'. Automatic @Repository and @Entity scanning is enabled.
2025-03-28T20:24:25.937-03:00 DEBUG 10968 --- [           main] .s.d.r.c.RepositoryConfigurationDelegate : Scanning for JPA repositories in packages com.example.api.
2025-03-28T20:24:25.941-03:00 DEBUG 10968 --- [           main] o.s.d.r.c.RepositoryComponentProvider    : Identified candidate component class: file [C:\Users\labsfiap\Desktop\cp1\API-springboot-SOA\target\classes\com\example\api\repository\PedidoRepository.class]
2025-03-28T20:24:25.960-03:00  INFO 10968 --- [           main] .s.d.r.c.RepositoryConfigurationDelegate : Finished Spring Data repository scanning in 21 ms. Found 1 JPA repository interface.
2025-03-28T20:24:26.044-03:00 DEBUG 10968 --- [           main] o.s.b.f.s.DefaultListableBeanFactory     : Creating shared instance of singleton bean 'propertySourcesPlaceholderConfigurer'
2025-03-28T20:24:26.044-03:00 DEBUG 10968 --- [           main] o.s.b.f.s.DefaultListableBeanFactory     : Creating shared instance of singleton bean 'org.springframework.boot.test.mock.mockito.MockitoPostProcessor'
2025-03-28T20:24:26.044-03:00 DEBUG 10968 --- [           main] o.s.b.f.s.DefaultListableBeanFactory     : Creating shared instance of singleton bean 'emBeanDefinitionRegistrarPostProcessor'
2025-03-28T20:24:26.044-03:00 DEBUG 10968 --- [           main] o.s.b.f.s.DefaultListableBeanFactory     : Creating shared instance of singleton bean 'org.springframework.boot.sql.init.dependency.DatabaseInitializationDependencyConfigurer$DependsOnDatabaseInitializationPostProcessor'
2025-03-28T20:24:26.068-03:00 DEBUG 10968 --- [           main] o.s.b.f.s.DefaultListableBeanFactory     : Creating shared instance of singleton bean 'org.springframework.context.event.internalEventListenerProcessor'
2025-03-28T20:24:26.068-03:00 DEBUG 10968 --- [           main] o.s.b.f.s.DefaultListableBeanFactory     : Creating shared instance of singleton bean 'preserveErrorControllerTargetClassPostProcessor'
2025-03-28T20:24:26.068-03:00 DEBUG 10968 --- [           main] o.s.b.f.s.DefaultListableBeanFactory     : Creating shared instance of singleton bean 'org.springframework.context.event.internalEventListenerFactory'
2025-03-28T20:24:26.068-03:00 DEBUG 10968 --- [           main] o.s.b.f.s.DefaultListableBeanFactory     : Creating shared instance of singleton bean 'org.springframework.transaction.config.internalTransactionalEventListenerFactory'
2025-03-28T20:24:26.068-03:00 DEBUG 10968 --- [           main] o.s.b.f.s.DefaultListableBeanFactory     : Creating shared instance of singleton bean 'org.springframework.boot.test.mock.mockito.MockitoPostProcessor$SpyPostProcessor'
2025-03-28T20:24:26.073-03:00 DEBUG 10968 --- [           main] o.s.b.f.s.DefaultListableBeanFactory     : Creating shared instance of singleton bean 'org.springframework.context.annotation.internalAutowiredAnnotationProcessor'
2025-03-28T20:24:26.074-03:00 DEBUG 10968 --- [           main] o.s.b.f.s.DefaultListableBeanFactory     : Creating shared instance of singleton bean 'org.springframework.context.annotation.internalCommonAnnotationProcessor'
2025-03-28T20:24:26.074-03:00 DEBUG 10968 --- [           main] o.s.b.f.s.DefaultListableBeanFactory     : Creating shared instance of singleton bean 'org.springframework.context.annotation.internalPersistenceAnnotationProcessor'
2025-03-28T20:24:26.074-03:00 DEBUG 10968 --- [           main] o.s.b.f.s.DefaultListableBeanFactory     : Creating shared instance of singleton bean 'org.springframework.boot.context.properties.ConfigurationPropertiesBindingPostProcessor'
2025-03-28T20:24:26.074-03:00 DEBUG 10968 --- [           main] o.s.b.f.s.DefaultListableBeanFactory     : Creating shared instance of singleton bean 'org.springframework.boot.context.internalConfigurationPropertiesBinder'
2025-03-28T20:24:26.074-03:00 DEBUG 10968 --- [           main] o.s.b.f.s.DefaultListableBeanFactory     : Creating shared instance of singleton bean 'jdbcConnectionDetailsHikariBeanPostProcessor'
2025-03-28T20:24:26.074-03:00 DEBUG 10968 --- [           main] o.s.b.f.s.DefaultListableBeanFactory     : Creating shared instance of singleton bean 'org.springframework.aop.config.internalAutoProxyCreator'
2025-03-28T20:24:26.074-03:00 DEBUG 10968 --- [           main] o.s.b.f.s.DefaultListableBeanFactory     : Creating shared instance of singleton bean 'persistenceExceptionTranslationPostProcessor'
2025-03-28T20:24:26.074-03:00 DEBUG 10968 --- [           main] o.s.b.f.s.DefaultListableBeanFactory     : Autowiring by type from bean name 'persistenceExceptionTranslationPostProcessor' via factory method to bean named 'environment'
2025-03-28T20:24:26.091-03:00 DEBUG 10968 --- [           main] o.s.b.f.s.DefaultListableBeanFactory     : Creating shared instance of singleton bean 'webServerFactoryCustomizerBeanPostProcessor'
2025-03-28T20:24:26.092-03:00 DEBUG 10968 --- [           main] o.s.b.f.s.DefaultListableBeanFactory     : Creating shared instance of singleton bean 'errorPageRegistrarBeanPostProcessor'
2025-03-28T20:24:26.092-03:00 DEBUG 10968 --- [           main] o.s.b.f.s.DefaultListableBeanFactory     : Creating shared instance of singleton bean 'projectingArgumentResolverBeanPostProcessor'
2025-03-28T20:24:26.093-03:00 DEBUG 10968 --- [           main] o.s.b.f.s.DefaultListableBeanFactory     : Creating shared instance of singleton bean 'org.springframework.transaction.config.internalTransactionAdvisor'
2025-03-28T20:24:26.093-03:00 DEBUG 10968 --- [           main] o.s.b.f.s.DefaultListableBeanFactory     : Creating shared instance of singleton bean 'org.springframework.transaction.annotation.ProxyTransactionManagementConfiguration'
2025-03-28T20:24:26.101-03:00 DEBUG 10968 --- [           main] o.s.b.f.s.DefaultListableBeanFactory     : Creating shared instance of singleton bean 'transactionAttributeSource'
2025-03-28T20:24:26.102-03:00 DEBUG 10968 --- [           main] o.s.b.f.s.DefaultListableBeanFactory     : Creating shared instance of singleton bean 'transactionInterceptor'
2025-03-28T20:24:26.102-03:00 DEBUG 10968 --- [           main] o.s.b.f.s.DefaultListableBeanFactory     : Autowiring by type from bean name 'transactionInterceptor' via factory method to bean named 'transactionAttributeSource'
2025-03-28T20:24:26.104-03:00 DEBUG 10968 --- [           main] o.s.b.f.s.DefaultListableBeanFactory     : Autowiring by type from bean name 'org.springframework.transaction.config.internalTransactionAdvisor' via factory method to bean named 'transactionAttributeSource'
2025-03-28T20:24:26.105-03:00 DEBUG 10968 --- [           main] o.s.b.f.s.DefaultListableBeanFactory     : Autowiring by type from bean name 'org.springframework.transaction.config.internalTransactionAdvisor' via factory method to bean named 'transactionInterceptor'
2025-03-28T20:24:26.115-03:00 DEBUG 10968 --- [           main] o.s.u.c.s.UiApplicationContextUtils      : Unable to locate ThemeSource with name 'themeSource': using default [org.springframework.ui.context.support.ResourceBundleThemeSource@4887de2b]
2025-03-28T20:24:26.116-03:00 DEBUG 10968 --- [           main] o.s.b.f.s.DefaultListableBeanFactory     : Creating shared instance of singleton bean 'org.springframework.test.context.support.internalDynamicPropertyRegistrarBeanInitializer'
2025-03-28T20:24:26.117-03:00 DEBUG 10968 --- [           main] o.s.b.f.s.DefaultListableBeanFactory     : Creating shared instance of singleton bean 'dataSourceScriptDatabaseInitializer'
2025-03-28T20:24:26.117-03:00 DEBUG 10968 --- [           main] o.s.b.f.s.DefaultListableBeanFactory     : Creating shared instance of singleton bean 'org.springframework.boot.autoconfigure.sql.init.DataSourceInitializationConfiguration'
2025-03-28T20:24:26.117-03:00 DEBUG 10968 --- [           main] o.s.b.f.s.DefaultListableBeanFactory     : Creating shared instance of singleton bean 'dataSource'
2025-03-28T20:24:26.117-03:00 DEBUG 10968 --- [           main] o.s.b.f.s.DefaultListableBeanFactory     : Creating shared instance of singleton bean 'org.springframework.boot.autoconfigure.jdbc.DataSourceConfiguration$Hikari'
2025-03-28T20:24:26.118-03:00 DEBUG 10968 --- [           main] o.s.b.f.s.DefaultListableBeanFactory     : Creating shared instance of singleton bean 'spring.datasource-org.springframework.boot.autoconfigure.jdbc.DataSourceProperties'
2025-03-28T20:24:26.118-03:00 DEBUG 10968 --- [           main] o.s.b.f.s.DefaultListableBeanFactory     : Creating shared instance of singleton bean 'org.springframework.boot.context.properties.BoundConfigurationProperties'
2025-03-28T20:24:26.131-03:00 DEBUG 10968 --- [           main] o.s.b.f.s.DefaultListableBeanFactory     : Creating shared instance of singleton bean 'jdbcConnectionDetails'
2025-03-28T20:24:26.131-03:00 DEBUG 10968 --- [           main] o.s.b.f.s.DefaultListableBeanFactory     : Creating shared instance of singleton bean 'org.springframework.boot.autoconfigure.jdbc.DataSourceAutoConfiguration$PooledDataSourceConfiguration'
2025-03-28T20:24:26.131-03:00 DEBUG 10968 --- [           main] o.s.b.f.s.DefaultListableBeanFactory     : Autowiring by type from bean name 'jdbcConnectionDetails' via factory method to bean named 'spring.datasource-org.springframework.boot.autoconfigure.jdbc.DataSourceProperties'
2025-03-28T20:24:26.132-03:00 DEBUG 10968 --- [           main] o.s.b.f.s.DefaultListableBeanFactory     : Autowiring by type from bean name 'dataSource' via factory method to bean named 'spring.datasource-org.springframework.boot.autoconfigure.jdbc.DataSourceProperties'
2025-03-28T20:24:26.132-03:00 DEBUG 10968 --- [           main] o.s.b.f.s.DefaultListableBeanFactory     : Autowiring by type from bean name 'dataSource' via factory method to bean named 'jdbcConnectionDetails'
2025-03-28T20:24:26.134-03:00 DEBUG 10968 --- [           main] com.zaxxer.hikari.HikariConfig           : Driver class org.h2.Driver found in Thread context class loader jdk.internal.loader.ClassLoaders$AppClassLoader@c387f44
2025-03-28T20:24:26.146-03:00 DEBUG 10968 --- [           main] o.s.b.f.s.DefaultListableBeanFactory     : Creating shared instance of singleton bean 'spring.sql.init-org.springframework.boot.autoconfigure.sql.init.SqlInitializationProperties'
2025-03-28T20:24:26.146-03:00 DEBUG 10968 --- [           main] o.s.b.f.s.DefaultListableBeanFactory     : Autowiring by type from bean name 'dataSourceScriptDatabaseInitializer' via factory method to bean named 'dataSource'
2025-03-28T20:24:26.146-03:00 DEBUG 10968 --- [           main] o.s.b.f.s.DefaultListableBeanFactory     : Autowiring by type from bean name 'dataSourceScriptDatabaseInitializer' via factory method to bean named 'spring.sql.init-org.springframework.boot.autoconfigure.sql.init.SqlInitializationProperties'
2025-03-28T20:24:26.156-03:00 DEBUG 10968 --- [           main] o.s.b.f.s.DefaultListableBeanFactory     : Creating shared instance of singleton bean 'entityManagerFactory'
2025-03-28T20:24:26.156-03:00 DEBUG 10968 --- [           main] o.s.b.f.s.DefaultListableBeanFactory     : Creating shared instance of singleton bean 'org.springframework.boot.autoconfigure.orm.jpa.HibernateJpaConfiguration'
2025-03-28T20:24:26.157-03:00 DEBUG 10968 --- [           main] o.s.b.f.s.DefaultListableBeanFactory     : Creating shared instance of singleton bean 'spring.jpa-org.springframework.boot.autoconfigure.orm.jpa.JpaProperties'
2025-03-28T20:24:26.159-03:00 DEBUG 10968 --- [           main] o.s.b.f.s.DefaultListableBeanFactory     : Creating shared instance of singleton bean 'spring.jpa.hibernate-org.springframework.boot.autoconfigure.orm.jpa.HibernateProperties'
2025-03-28T20:24:26.159-03:00 DEBUG 10968 --- [           main] o.s.b.f.s.DefaultListableBeanFactory     : Autowiring by type from bean name 'org.springframework.boot.autoconfigure.orm.jpa.HibernateJpaConfiguration' via constructor to bean named 'dataSource'
2025-03-28T20:24:26.159-03:00 DEBUG 10968 --- [           main] o.s.b.f.s.DefaultListableBeanFactory     : Autowiring by type from bean name 'org.springframework.boot.autoconfigure.orm.jpa.HibernateJpaConfiguration' via constructor to bean named 'spring.jpa-org.springframework.boot.autoconfigure.orm.jpa.JpaProperties'
2025-03-28T20:24:26.159-03:00 DEBUG 10968 --- [           main] o.s.b.f.s.DefaultListableBeanFactory     : Autowiring by type from bean name 'org.springframework.boot.autoconfigure.orm.jpa.HibernateJpaConfiguration' via constructor to bean named 'org.springframework.beans.factory.support.DefaultListableBeanFactory@5183d589'
2025-03-28T20:24:26.159-03:00 DEBUG 10968 --- [           main] o.s.b.f.s.DefaultListableBeanFactory     : Autowiring by type from bean name 'org.springframework.boot.autoconfigure.orm.jpa.HibernateJpaConfiguration' via constructor to bean named 'spring.jpa.hibernate-org.springframework.boot.autoconfigure.orm.jpa.HibernateProperties'
2025-03-28T20:24:26.159-03:00 DEBUG 10968 --- [           main] o.s.b.f.s.DefaultListableBeanFactory     : Creating shared instance of singleton bean 'hikariPoolDataSourceMetadataProvider'
2025-03-28T20:24:26.159-03:00 DEBUG 10968 --- [           main] o.s.b.f.s.DefaultListableBeanFactory     : Creating shared instance of singleton bean 'org.springframework.boot.autoconfigure.jdbc.metadata.DataSourcePoolMetadataProvidersConfiguration$HikariPoolDataSourceMetadataProviderConfiguration'
2025-03-28T20:24:26.168-03:00 DEBUG 10968 --- [           main] o.s.b.f.s.DefaultListableBeanFactory     : Creating shared instance of singleton bean 'entityManagerFactoryBuilder'
2025-03-28T20:24:26.168-03:00 DEBUG 10968 --- [           main] o.s.b.f.s.DefaultListableBeanFactory     : Creating shared instance of singleton bean 'jpaVendorAdapter'
2025-03-28T20:24:26.174-03:00 DEBUG 10968 --- [           main] org.jboss.logging                        : Logging Provider: org.jboss.logging.Slf4jLoggerProvider found via system property
2025-03-28T20:24:26.193-03:00 DEBUG 10968 --- [           main] o.s.b.f.s.DefaultListableBeanFactory     : Autowiring by type from bean name 'entityManagerFactoryBuilder' via factory method to bean named 'jpaVendorAdapter'
2025-03-28T20:24:26.205-03:00 DEBUG 10968 --- [           main] o.s.b.f.s.DefaultListableBeanFactory     : Creating shared instance of singleton bean 'persistenceManagedTypes'
2025-03-28T20:24:26.206-03:00 DEBUG 10968 --- [           main] o.s.b.f.s.DefaultListableBeanFactory     : Autowiring by type from bean name 'persistenceManagedTypes' via factory method to bean named 'org.springframework.beans.factory.support.DefaultListableBeanFactory@5183d589'
2025-03-28T20:24:26.206-03:00 DEBUG 10968 --- [           main] o.s.b.f.s.DefaultListableBeanFactory     : Autowiring by type from bean name 'persistenceManagedTypes' via factory method to bean named 'org.springframework.web.context.support.GenericWebApplicationContext@5fa05212'
2025-03-28T20:24:26.217-03:00 DEBUG 10968 --- [           main] o.s.b.f.s.DefaultListableBeanFactory     : Autowiring by type from bean name 'entityManagerFactory' via factory method to bean named 'entityManagerFactoryBuilder'
2025-03-28T20:24:26.217-03:00 DEBUG 10968 --- [           main] o.s.b.f.s.DefaultListableBeanFactory     : Autowiring by type from bean name 'entityManagerFactory' via factory method to bean named 'persistenceManagedTypes'
2025-03-28T20:24:26.233-03:00 DEBUG 10968 --- [           main] j.LocalContainerEntityManagerFactoryBean : Building JPA container EntityManagerFactory for persistence unit 'default'
2025-03-28T20:24:26.260-03:00 DEBUG 10968 --- [           main] o.hibernate.jpa.internal.util.LogHelper  : PersistenceUnitInfo [
	name: default
	persistence provider classname: null
	classloader: jdk.internal.loader.ClassLoaders$AppClassLoader@c387f44
	excludeUnlistedClasses: true
	JTA datasource: null
	Non JTA datasource: HikariDataSource (null)
	Transaction type: RESOURCE_LOCAL
	PU root URL: file:/C:/Users/labsfiap/Desktop/cp1/API-springboot-SOA/target/test-classes/
	Shared Cache Mode: UNSPECIFIED
	Validation Mode: AUTO
	Jar files URLs []
	Managed classes names [
		com.example.api.model.Pedido]
	Mapping files names []
	Properties []
2025-03-28T20:24:26.264-03:00 DEBUG 10968 --- [           main] o.h.i.internal.IntegratorServiceImpl     : Adding Integrator [org.hibernate.boot.beanvalidation.BeanValidationIntegrator].
2025-03-28T20:24:26.265-03:00 DEBUG 10968 --- [           main] o.h.i.internal.IntegratorServiceImpl     : Adding Integrator [org.hibernate.cache.internal.CollectionCacheInvalidator].
2025-03-28T20:24:26.291-03:00  INFO 10968 --- [           main] org.hibernate.Version                    : HHH000412: Hibernate ORM core version 6.6.8.Final
2025-03-28T20:24:26.291-03:00 DEBUG 10968 --- [           main] org.hibernate.cfg.Environment            : HHH000206: 'hibernate.properties' not found
2025-03-28T20:24:26.307-03:00 DEBUG 10968 --- [           main] org.hibernate.orm.idgen.factory          : Registering IdentifierGenerator strategy [uuid2] -> [org.hibernate.id.UUIDGenerator]
2025-03-28T20:24:26.307-03:00 DEBUG 10968 --- [           main] org.hibernate.orm.idgen.factory          : Registering IdentifierGenerator strategy [guid] -> [org.hibernate.id.GUIDGenerator]
2025-03-28T20:24:26.307-03:00 DEBUG 10968 --- [           main] org.hibernate.orm.idgen.factory          : Registering IdentifierGenerator strategy [uuid] -> [org.hibernate.id.UUIDHexGenerator]
2025-03-28T20:24:26.307-03:00 DEBUG 10968 --- [           main] org.hibernate.orm.idgen.factory          : Registering IdentifierGenerator strategy [uuid.hex] -> [org.hibernate.id.UUIDHexGenerator]
2025-03-28T20:24:26.307-03:00 DEBUG 10968 --- [           main] org.hibernate.orm.idgen.factory          : Registering IdentifierGenerator strategy [assigned] -> [org.hibernate.id.Assigned]
2025-03-28T20:24:26.307-03:00 DEBUG 10968 --- [           main] org.hibernate.orm.idgen.factory          : Registering IdentifierGenerator strategy [identity] -> [org.hibernate.id.IdentityGenerator]
2025-03-28T20:24:26.307-03:00 DEBUG 10968 --- [           main] org.hibernate.orm.idgen.factory          : Registering IdentifierGenerator strategy [select] -> [org.hibernate.id.SelectGenerator]
2025-03-28T20:24:26.307-03:00 DEBUG 10968 --- [           main] org.hibernate.orm.idgen.factory          : Registering IdentifierGenerator strategy [sequence] -> [org.hibernate.id.enhanced.SequenceStyleGenerator]
2025-03-28T20:24:26.307-03:00 DEBUG 10968 --- [           main] org.hibernate.orm.idgen.factory          : Registering IdentifierGenerator strategy [increment] -> [org.hibernate.id.IncrementGenerator]
2025-03-28T20:24:26.307-03:00 DEBUG 10968 --- [           main] org.hibernate.orm.idgen.factory          : Registering IdentifierGenerator strategy [foreign] -> [org.hibernate.id.ForeignGenerator]
2025-03-28T20:24:26.307-03:00 DEBUG 10968 --- [           main] org.hibernate.orm.idgen.factory          : Registering IdentifierGenerator strategy [enhanced-sequence] -> [org.hibernate.id.enhanced.SequenceStyleGenerator]
2025-03-28T20:24:26.307-03:00 DEBUG 10968 --- [           main] org.hibernate.orm.idgen.factory          : Registering IdentifierGenerator strategy [enhanced-table] -> [org.hibernate.id.enhanced.TableGenerator]
2025-03-28T20:24:26.307-03:00 DEBUG 10968 --- [           main] o.h.c.internal.RegionFactoryInitiator    : Cannot default RegionFactory based on registered strategies as `[]` RegionFactory strategies were registered
2025-03-28T20:24:26.307-03:00  INFO 10968 --- [           main] o.h.c.internal.RegionFactoryInitiator    : HHH000026: Second-level cache disabled
2025-03-28T20:24:26.393-03:00 DEBUG 10968 --- [           main] org.hibernate.type.BasicTypeRegistry     : Adding type registration boolean -> org.hibernate.type.BasicTypeReference@6a98f353
2025-03-28T20:24:26.393-03:00 DEBUG 10968 --- [           main] org.hibernate.type.BasicTypeRegistry     : Adding type registration boolean -> org.hibernate.type.BasicTypeReference@6a98f353
2025-03-28T20:24:26.393-03:00 DEBUG 10968 --- [           main] org.hibernate.type.BasicTypeRegistry     : Adding type registration java.lang.Boolean -> org.hibernate.type.BasicTypeReference@6a98f353
2025-03-28T20:24:26.393-03:00 DEBUG 10968 --- [           main] org.hibernate.type.BasicTypeRegistry     : Adding type registration numeric_boolean -> org.hibernate.type.BasicTypeReference@3b35798
2025-03-28T20:24:26.393-03:00 DEBUG 10968 --- [           main] org.hibernate.type.BasicTypeRegistry     : Adding type registration org.hibernate.type.NumericBooleanConverter -> org.hibernate.type.BasicTypeReference@3b35798
2025-03-28T20:24:26.393-03:00 DEBUG 10968 --- [           main] org.hibernate.type.BasicTypeRegistry     : Adding type registration true_false -> org.hibernate.type.BasicTypeReference@1e00bfe2
2025-03-28T20:24:26.393-03:00 DEBUG 10968 --- [           main] org.hibernate.type.BasicTypeRegistry     : Adding type registration org.hibernate.type.TrueFalseConverter -> org.hibernate.type.BasicTypeReference@1e00bfe2
2025-03-28T20:24:26.393-03:00 DEBUG 10968 --- [           main] org.hibernate.type.BasicTypeRegistry     : Adding type registration yes_no -> org.hibernate.type.BasicTypeReference@4702e7a5
2025-03-28T20:24:26.393-03:00 DEBUG 10968 --- [           main] org.hibernate.type.BasicTypeRegistry     : Adding type registration org.hibernate.type.YesNoConverter -> org.hibernate.type.BasicTypeReference@4702e7a5
2025-03-28T20:24:26.393-03:00 DEBUG 10968 --- [           main] org.hibernate.type.BasicTypeRegistry     : Adding type registration byte -> org.hibernate.type.BasicTypeReference@6a2d867d
2025-03-28T20:24:26.393-03:00 DEBUG 10968 --- [           main] org.hibernate.type.BasicTypeRegistry     : Adding type registration byte -> org.hibernate.type.BasicTypeReference@6a2d867d
2025-03-28T20:24:26.393-03:00 DEBUG 10968 --- [           main] org.hibernate.type.BasicTypeRegistry     : Adding type registration java.lang.Byte -> org.hibernate.type.BasicTypeReference@6a2d867d
2025-03-28T20:24:26.393-03:00 DEBUG 10968 --- [           main] org.hibernate.type.BasicTypeRegistry     : Adding type registration binary -> org.hibernate.type.BasicTypeReference@73bb1337
2025-03-28T20:24:26.393-03:00 DEBUG 10968 --- [           main] org.hibernate.type.BasicTypeRegistry     : Adding type registration byte[] -> org.hibernate.type.BasicTypeReference@73bb1337
2025-03-28T20:24:26.393-03:00 DEBUG 10968 --- [           main] org.hibernate.type.BasicTypeRegistry     : Adding type registration [B -> org.hibernate.type.BasicTypeReference@73bb1337
2025-03-28T20:24:26.393-03:00 DEBUG 10968 --- [           main] org.hibernate.type.BasicTypeRegistry     : Adding type registration binary_wrapper -> org.hibernate.type.BasicTypeReference@685f5d0d
2025-03-28T20:24:26.393-03:00 DEBUG 10968 --- [           main] org.hibernate.type.BasicTypeRegistry     : Adding type registration wrapper-binary -> org.hibernate.type.BasicTypeReference@685f5d0d
2025-03-28T20:24:26.393-03:00 DEBUG 10968 --- [           main] org.hibernate.type.BasicTypeRegistry     : Adding type registration image -> org.hibernate.type.BasicTypeReference@3830b06c
2025-03-28T20:24:26.393-03:00 DEBUG 10968 --- [           main] org.hibernate.type.BasicTypeRegistry     : Adding type registration blob -> org.hibernate.type.BasicTypeReference@3e28d779
2025-03-28T20:24:26.393-03:00 DEBUG 10968 --- [           main] org.hibernate.type.BasicTypeRegistry     : Adding type registration java.sql.Blob -> org.hibernate.type.BasicTypeReference@3e28d779
2025-03-28T20:24:26.393-03:00 DEBUG 10968 --- [           main] org.hibernate.type.BasicTypeRegistry     : Adding type registration materialized_blob -> org.hibernate.type.BasicTypeReference@15214920
2025-03-28T20:24:26.393-03:00 DEBUG 10968 --- [           main] org.hibernate.type.BasicTypeRegistry     : Adding type registration materialized_blob_wrapper -> org.hibernate.type.BasicTypeReference@784d9bc
2025-03-28T20:24:26.393-03:00 DEBUG 10968 --- [           main] org.hibernate.type.BasicTypeRegistry     : Adding type registration short -> org.hibernate.type.BasicTypeReference@3a0aaaf0
2025-03-28T20:24:26.393-03:00 DEBUG 10968 --- [           main] org.hibernate.type.BasicTypeRegistry     : Adding type registration short -> org.hibernate.type.BasicTypeReference@3a0aaaf0
2025-03-28T20:24:26.393-03:00 DEBUG 10968 --- [           main] org.hibernate.type.BasicTypeRegistry     : Adding type registration java.lang.Short -> org.hibernate.type.BasicTypeReference@3a0aaaf0
2025-03-28T20:24:26.393-03:00 DEBUG 10968 --- [           main] org.hibernate.type.BasicTypeRegistry     : Adding type registration integer -> org.hibernate.type.BasicTypeReference@426131d7
2025-03-28T20:24:26.393-03:00 DEBUG 10968 --- [           main] org.hibernate.type.BasicTypeRegistry     : Adding type registration int -> org.hibernate.type.BasicTypeReference@426131d7
2025-03-28T20:24:26.393-03:00 DEBUG 10968 --- [           main] org.hibernate.type.BasicTypeRegistry     : Adding type registration java.lang.Integer -> org.hibernate.type.BasicTypeReference@426131d7
2025-03-28T20:24:26.393-03:00 DEBUG 10968 --- [           main] org.hibernate.type.BasicTypeRegistry     : Adding type registration long -> org.hibernate.type.BasicTypeReference@5d9618f2
2025-03-28T20:24:26.393-03:00 DEBUG 10968 --- [           main] org.hibernate.type.BasicTypeRegistry     : Adding type registration long -> org.hibernate.type.BasicTypeReference@5d9618f2
2025-03-28T20:24:26.393-03:00 DEBUG 10968 --- [           main] org.hibernate.type.BasicTypeRegistry     : Adding type registration java.lang.Long -> org.hibernate.type.BasicTypeReference@5d9618f2
2025-03-28T20:24:26.393-03:00 DEBUG 10968 --- [           main] org.hibernate.type.BasicTypeRegistry     : Adding type registration float -> org.hibernate.type.BasicTypeReference@7c7e73c5
2025-03-28T20:24:26.393-03:00 DEBUG 10968 --- [           main] org.hibernate.type.BasicTypeRegistry     : Adding type registration float -> org.hibernate.type.BasicTypeReference@7c7e73c5
2025-03-28T20:24:26.393-03:00 DEBUG 10968 --- [           main] org.hibernate.type.BasicTypeRegistry     : Adding type registration java.lang.Float -> org.hibernate.type.BasicTypeReference@7c7e73c5
2025-03-28T20:24:26.393-03:00 DEBUG 10968 --- [           main] org.hibernate.type.BasicTypeRegistry     : Adding type registration double -> org.hibernate.type.BasicTypeReference@13cc0b90
2025-03-28T20:24:26.393-03:00 DEBUG 10968 --- [           main] org.hibernate.type.BasicTypeRegistry     : Adding type registration double -> org.hibernate.type.BasicTypeReference@13cc0b90
2025-03-28T20:24:26.393-03:00 DEBUG 10968 --- [           main] org.hibernate.type.BasicTypeRegistry     : Adding type registration java.lang.Double -> org.hibernate.type.BasicTypeReference@13cc0b90
2025-03-28T20:24:26.393-03:00 DEBUG 10968 --- [           main] org.hibernate.type.BasicTypeRegistry     : Adding type registration big_integer -> org.hibernate.type.BasicTypeReference@58687fb7
2025-03-28T20:24:26.393-03:00 DEBUG 10968 --- [           main] org.hibernate.type.BasicTypeRegistry     : Adding type registration java.math.BigInteger -> org.hibernate.type.BasicTypeReference@58687fb7
2025-03-28T20:24:26.393-03:00 DEBUG 10968 --- [           main] org.hibernate.type.BasicTypeRegistry     : Adding type registration big_decimal -> org.hibernate.type.BasicTypeReference@3554bdc0
2025-03-28T20:24:26.393-03:00 DEBUG 10968 --- [           main] org.hibernate.type.BasicTypeRegistry     : Adding type registration java.math.BigDecimal -> org.hibernate.type.BasicTypeReference@3554bdc0
2025-03-28T20:24:26.393-03:00 DEBUG 10968 --- [           main] org.hibernate.type.BasicTypeRegistry     : Adding type registration character -> org.hibernate.type.BasicTypeReference@3a3b10f4
2025-03-28T20:24:26.393-03:00 DEBUG 10968 --- [           main] org.hibernate.type.BasicTypeRegistry     : Adding type registration char -> org.hibernate.type.BasicTypeReference@3a3b10f4
2025-03-28T20:24:26.393-03:00 DEBUG 10968 --- [           main] org.hibernate.type.BasicTypeRegistry     : Adding type registration java.lang.Character -> org.hibernate.type.BasicTypeReference@3a3b10f4
2025-03-28T20:24:26.393-03:00 DEBUG 10968 --- [           main] org.hibernate.type.BasicTypeRegistry     : Adding type registration character_nchar -> org.hibernate.type.BasicTypeReference@49580ca8
2025-03-28T20:24:26.393-03:00 DEBUG 10968 --- [           main] org.hibernate.type.BasicTypeRegistry     : Adding type registration string -> org.hibernate.type.BasicTypeReference@525647f3
2025-03-28T20:24:26.393-03:00 DEBUG 10968 --- [           main] org.hibernate.type.BasicTypeRegistry     : Adding type registration java.lang.String -> org.hibernate.type.BasicTypeReference@525647f3
2025-03-28T20:24:26.393-03:00 DEBUG 10968 --- [           main] org.hibernate.type.BasicTypeRegistry     : Adding type registration nstring -> org.hibernate.type.BasicTypeReference@42fc4ac4
2025-03-28T20:24:26.393-03:00 DEBUG 10968 --- [           main] org.hibernate.type.BasicTypeRegistry     : Adding type registration characters -> org.hibernate.type.BasicTypeReference@20a24edf
2025-03-28T20:24:26.393-03:00 DEBUG 10968 --- [           main] org.hibernate.type.BasicTypeRegistry     : Adding type registration char[] -> org.hibernate.type.BasicTypeReference@20a24edf
2025-03-28T20:24:26.393-03:00 DEBUG 10968 --- [           main] org.hibernate.type.BasicTypeRegistry     : Adding type registration [C -> org.hibernate.type.BasicTypeReference@20a24edf
2025-03-28T20:24:26.393-03:00 DEBUG 10968 --- [           main] org.hibernate.type.BasicTypeRegistry     : Adding type registration wrapper-characters -> org.hibernate.type.BasicTypeReference@29962b2f
2025-03-28T20:24:26.393-03:00 DEBUG 10968 --- [           main] org.hibernate.type.BasicTypeRegistry     : Adding type registration text -> org.hibernate.type.BasicTypeReference@491f8831
2025-03-28T20:24:26.393-03:00 DEBUG 10968 --- [           main] org.hibernate.type.BasicTypeRegistry     : Adding type registration ntext -> org.hibernate.type.BasicTypeReference@691541bc
2025-03-28T20:24:26.393-03:00 DEBUG 10968 --- [           main] org.hibernate.type.BasicTypeRegistry     : Adding type registration clob -> org.hibernate.type.BasicTypeReference@5b733ef7
2025-03-28T20:24:26.393-03:00 DEBUG 10968 --- [           main] org.hibernate.type.BasicTypeRegistry     : Adding type registration java.sql.Clob -> org.hibernate.type.BasicTypeReference@5b733ef7
2025-03-28T20:24:26.393-03:00 DEBUG 10968 --- [           main] org.hibernate.type.BasicTypeRegistry     : Adding type registration nclob -> org.hibernate.type.BasicTypeReference@43a4a9e5
2025-03-28T20:24:26.393-03:00 DEBUG 10968 --- [           main] org.hibernate.type.BasicTypeRegistry     : Adding type registration java.sql.NClob -> org.hibernate.type.BasicTypeReference@43a4a9e5
2025-03-28T20:24:26.393-03:00 DEBUG 10968 --- [           main] org.hibernate.type.BasicTypeRegistry     : Adding type registration materialized_clob -> org.hibernate.type.BasicTypeReference@764fffa0
2025-03-28T20:24:26.393-03:00 DEBUG 10968 --- [           main] org.hibernate.type.BasicTypeRegistry     : Adding type registration materialized_clob_char_array -> org.hibernate.type.BasicTypeReference@35145874
2025-03-28T20:24:26.393-03:00 DEBUG 10968 --- [           main] org.hibernate.type.BasicTypeRegistry     : Adding type registration materialized_clob_character_array -> org.hibernate.type.BasicTypeReference@77524ca7
2025-03-28T20:24:26.393-03:00 DEBUG 10968 --- [           main] org.hibernate.type.BasicTypeRegistry     : Adding type registration materialized_nclob -> org.hibernate.type.BasicTypeReference@11df2829
2025-03-28T20:24:26.393-03:00 DEBUG 10968 --- [           main] org.hibernate.type.BasicTypeRegistry     : Adding type registration materialized_nclob_character_array -> org.hibernate.type.BasicTypeReference@18e4674d
2025-03-28T20:24:26.393-03:00 DEBUG 10968 --- [           main] org.hibernate.type.BasicTypeRegistry     : Adding type registration materialized_nclob_char_array -> org.hibernate.type.BasicTypeReference@f245bdd
2025-03-28T20:24:26.393-03:00 DEBUG 10968 --- [           main] org.hibernate.type.BasicTypeRegistry     : Adding type registration Duration -> org.hibernate.type.BasicTypeReference@6af609ea
2025-03-28T20:24:26.393-03:00 DEBUG 10968 --- [           main] org.hibernate.type.BasicTypeRegistry     : Adding type registration java.time.Duration -> org.hibernate.type.BasicTypeReference@6af609ea
2025-03-28T20:24:26.393-03:00 DEBUG 10968 --- [           main] org.hibernate.type.BasicTypeRegistry     : Adding type registration LocalDateTime -> org.hibernate.type.BasicTypeReference@280fafd
2025-03-28T20:24:26.393-03:00 DEBUG 10968 --- [           main] org.hibernate.type.BasicTypeRegistry     : Adding type registration java.time.LocalDateTime -> org.hibernate.type.BasicTypeReference@280fafd
2025-03-28T20:24:26.393-03:00 DEBUG 10968 --- [           main] org.hibernate.type.BasicTypeRegistry     : Adding type registration LocalDate -> org.hibernate.type.BasicTypeReference@39e53bef
2025-03-28T20:24:26.393-03:00 DEBUG 10968 --- [           main] org.hibernate.type.BasicTypeRegistry     : Adding type registration java.time.LocalDate -> org.hibernate.type.BasicTypeReference@39e53bef
2025-03-28T20:24:26.393-03:00 DEBUG 10968 --- [           main] org.hibernate.type.BasicTypeRegistry     : Adding type registration LocalTime -> org.hibernate.type.BasicTypeReference@14b275bd
2025-03-28T20:24:26.393-03:00 DEBUG 10968 --- [           main] org.hibernate.type.BasicTypeRegistry     : Adding type registration java.time.LocalTime -> org.hibernate.type.BasicTypeReference@14b275bd
2025-03-28T20:24:26.393-03:00 DEBUG 10968 --- [           main] org.hibernate.type.BasicTypeRegistry     : Adding type registration OffsetDateTime -> org.hibernate.type.BasicTypeReference@4ed18798
2025-03-28T20:24:26.393-03:00 DEBUG 10968 --- [           main] org.hibernate.type.BasicTypeRegistry     : Adding type registration java.time.OffsetDateTime -> org.hibernate.type.BasicTypeReference@4ed18798
2025-03-28T20:24:26.393-03:00 DEBUG 10968 --- [           main] org.hibernate.type.BasicTypeRegistry     : Adding type registration OffsetDateTimeWithTimezone -> org.hibernate.type.BasicTypeReference@4b03cbad
2025-03-28T20:24:26.393-03:00 DEBUG 10968 --- [           main] org.hibernate.type.BasicTypeRegistry     : Adding type registration OffsetDateTimeWithoutTimezone -> org.hibernate.type.BasicTypeReference@5b29ab61
2025-03-28T20:24:26.393-03:00 DEBUG 10968 --- [           main] org.hibernate.type.BasicTypeRegistry     : Adding type registration OffsetTime -> org.hibernate.type.BasicTypeReference@5c313224
2025-03-28T20:24:26.393-03:00 DEBUG 10968 --- [           main] org.hibernate.type.BasicTypeRegistry     : Adding type registration java.time.OffsetTime -> org.hibernate.type.BasicTypeReference@5c313224
2025-03-28T20:24:26.393-03:00 DEBUG 10968 --- [           main] org.hibernate.type.BasicTypeRegistry     : Adding type registration OffsetTimeUtc -> org.hibernate.type.BasicTypeReference@1e1e837d
2025-03-28T20:24:26.393-03:00 DEBUG 10968 --- [           main] org.hibernate.type.BasicTypeRegistry     : Adding type registration OffsetTimeWithTimezone -> org.hibernate.type.BasicTypeReference@4b957db0
2025-03-28T20:24:26.393-03:00 DEBUG 10968 --- [           main] org.hibernate.type.BasicTypeRegistry     : Adding type registration OffsetTimeWithoutTimezone -> org.hibernate.type.BasicTypeReference@5d71b500
2025-03-28T20:24:26.393-03:00 DEBUG 10968 --- [           main] org.hibernate.type.BasicTypeRegistry     : Adding type registration ZonedDateTime -> org.hibernate.type.BasicTypeReference@8840c98
2025-03-28T20:24:26.393-03:00 DEBUG 10968 --- [           main] org.hibernate.type.BasicTypeRegistry     : Adding type registration java.time.ZonedDateTime -> org.hibernate.type.BasicTypeReference@8840c98
2025-03-28T20:24:26.393-03:00 DEBUG 10968 --- [           main] org.hibernate.type.BasicTypeRegistry     : Adding type registration ZonedDateTimeWithTimezone -> org.hibernate.type.BasicTypeReference@626b639e
2025-03-28T20:24:26.393-03:00 DEBUG 10968 --- [           main] org.hibernate.type.BasicTypeRegistry     : Adding type registration ZonedDateTimeWithoutTimezone -> org.hibernate.type.BasicTypeReference@273fa9e
2025-03-28T20:24:26.393-03:00 DEBUG 10968 --- [           main] org.hibernate.type.BasicTypeRegistry     : Adding type registration date -> org.hibernate.type.BasicTypeReference@527a8665
2025-03-28T20:24:26.393-03:00 DEBUG 10968 --- [           main] org.hibernate.type.BasicTypeRegistry     : Adding type registration java.sql.Date -> org.hibernate.type.BasicTypeReference@527a8665
2025-03-28T20:24:26.393-03:00 DEBUG 10968 --- [           main] org.hibernate.type.BasicTypeRegistry     : Adding type registration time -> org.hibernate.type.BasicTypeReference@7ab2a07e
2025-03-28T20:24:26.393-03:00 DEBUG 10968 --- [           main] org.hibernate.type.BasicTypeRegistry     : Adding type registration java.sql.Time -> org.hibernate.type.BasicTypeReference@7ab2a07e
2025-03-28T20:24:26.393-03:00 DEBUG 10968 --- [           main] org.hibernate.type.BasicTypeRegistry     : Adding type registration timestamp -> org.hibernate.type.BasicTypeReference@437c4b25
2025-03-28T20:24:26.393-03:00 DEBUG 10968 --- [           main] org.hibernate.type.BasicTypeRegistry     : Adding type registration java.sql.Timestamp -> org.hibernate.type.BasicTypeReference@437c4b25
2025-03-28T20:24:26.393-03:00 DEBUG 10968 --- [           main] org.hibernate.type.BasicTypeRegistry     : Adding type registration java.util.Date -> org.hibernate.type.BasicTypeReference@437c4b25
2025-03-28T20:24:26.393-03:00 DEBUG 10968 --- [           main] org.hibernate.type.BasicTypeRegistry     : Adding type registration calendar -> org.hibernate.type.BasicTypeReference@5ec6fede
2025-03-28T20:24:26.393-03:00 DEBUG 10968 --- [           main] org.hibernate.type.BasicTypeRegistry     : Adding type registration java.util.Calendar -> org.hibernate.type.BasicTypeReference@5ec6fede
2025-03-28T20:24:26.393-03:00 DEBUG 10968 --- [           main] org.hibernate.type.BasicTypeRegistry     : Adding type registration java.util.GregorianCalendar -> org.hibernate.type.BasicTypeReference@5ec6fede
2025-03-28T20:24:26.393-03:00 DEBUG 10968 --- [           main] org.hibernate.type.BasicTypeRegistry     : Adding type registration calendar_date -> org.hibernate.type.BasicTypeReference@580902cd
2025-03-28T20:24:26.393-03:00 DEBUG 10968 --- [           main] org.hibernate.type.BasicTypeRegistry     : Adding type registration calendar_time -> org.hibernate.type.BasicTypeReference@3757e8e2
2025-03-28T20:24:26.393-03:00 DEBUG 10968 --- [           main] org.hibernate.type.BasicTypeRegistry     : Adding type registration instant -> org.hibernate.type.BasicTypeReference@1653b84e
2025-03-28T20:24:26.393-03:00 DEBUG 10968 --- [           main] org.hibernate.type.BasicTypeRegistry     : Adding type registration java.time.Instant -> org.hibernate.type.BasicTypeReference@1653b84e
2025-03-28T20:24:26.393-03:00 DEBUG 10968 --- [           main] org.hibernate.type.BasicTypeRegistry     : Adding type registration uuid -> org.hibernate.type.BasicTypeReference@7f8a9454
2025-03-28T20:24:26.393-03:00 DEBUG 10968 --- [           main] org.hibernate.type.BasicTypeRegistry     : Adding type registration java.util.UUID -> org.hibernate.type.BasicTypeReference@7f8a9454
2025-03-28T20:24:26.393-03:00 DEBUG 10968 --- [           main] org.hibernate.type.BasicTypeRegistry     : Adding type registration pg-uuid -> org.hibernate.type.BasicTypeReference@7f8a9454
2025-03-28T20:24:26.393-03:00 DEBUG 10968 --- [           main] org.hibernate.type.BasicTypeRegistry     : Adding type registration uuid-binary -> org.hibernate.type.BasicTypeReference@6f85ee02
2025-03-28T20:24:26.393-03:00 DEBUG 10968 --- [           main] org.hibernate.type.BasicTypeRegistry     : Adding type registration uuid-char -> org.hibernate.type.BasicTypeReference@679d0be8
2025-03-28T20:24:26.393-03:00 DEBUG 10968 --- [           main] org.hibernate.type.BasicTypeRegistry     : Adding type registration class -> org.hibernate.type.BasicTypeReference@6c075e9d
2025-03-28T20:24:26.393-03:00 DEBUG 10968 --- [           main] org.hibernate.type.BasicTypeRegistry     : Adding type registration java.lang.Class -> org.hibernate.type.BasicTypeReference@6c075e9d
2025-03-28T20:24:26.393-03:00 DEBUG 10968 --- [           main] org.hibernate.type.BasicTypeRegistry     : Adding type registration currency -> org.hibernate.type.BasicTypeReference@47044f7d
2025-03-28T20:24:26.393-03:00 DEBUG 10968 --- [           main] org.hibernate.type.BasicTypeRegistry     : Adding type registration Currency -> org.hibernate.type.BasicTypeReference@47044f7d
2025-03-28T20:24:26.393-03:00 DEBUG 10968 --- [           main] org.hibernate.type.BasicTypeRegistry     : Adding type registration java.util.Currency -> org.hibernate.type.BasicTypeReference@47044f7d
2025-03-28T20:24:26.393-03:00 DEBUG 10968 --- [           main] org.hibernate.type.BasicTypeRegistry     : Adding type registration locale -> org.hibernate.type.BasicTypeReference@8fcc534
2025-03-28T20:24:26.393-03:00 DEBUG 10968 --- [           main] org.hibernate.type.BasicTypeRegistry     : Adding type registration java.util.Locale -> org.hibernate.type.BasicTypeReference@8fcc534
2025-03-28T20:24:26.393-03:00 DEBUG 10968 --- [           main] org.hibernate.type.BasicTypeRegistry     : Adding type registration serializable -> org.hibernate.type.BasicTypeReference@5e599100
2025-03-28T20:24:26.393-03:00 DEBUG 10968 --- [           main] org.hibernate.type.BasicTypeRegistry     : Adding type registration java.io.Serializable -> org.hibernate.type.BasicTypeReference@5e599100
2025-03-28T20:24:26.393-03:00 DEBUG 10968 --- [           main] org.hibernate.type.BasicTypeRegistry     : Adding type registration timezone -> org.hibernate.type.BasicTypeReference@3b435211
2025-03-28T20:24:26.393-03:00 DEBUG 10968 --- [           main] org.hibernate.type.BasicTypeRegistry     : Adding type registration java.util.TimeZone -> org.hibernate.type.BasicTypeReference@3b435211
2025-03-28T20:24:26.393-03:00 DEBUG 10968 --- [           main] org.hibernate.type.BasicTypeRegistry     : Adding type registration ZoneOffset -> org.hibernate.type.BasicTypeReference@361cd35c
2025-03-28T20:24:26.393-03:00 DEBUG 10968 --- [           main] org.hibernate.type.BasicTypeRegistry     : Adding type registration java.time.ZoneOffset -> org.hibernate.type.BasicTypeReference@361cd35c
2025-03-28T20:24:26.393-03:00 DEBUG 10968 --- [           main] org.hibernate.type.BasicTypeRegistry     : Adding type registration url -> org.hibernate.type.BasicTypeReference@58a765ce
2025-03-28T20:24:26.393-03:00 DEBUG 10968 --- [           main] org.hibernate.type.BasicTypeRegistry     : Adding type registration java.net.URL -> org.hibernate.type.BasicTypeReference@58a765ce
2025-03-28T20:24:26.393-03:00 DEBUG 10968 --- [           main] org.hibernate.type.BasicTypeRegistry     : Adding type registration vector -> org.hibernate.type.BasicTypeReference@4a642e4b
2025-03-28T20:24:26.393-03:00 DEBUG 10968 --- [           main] org.hibernate.type.BasicTypeRegistry     : Adding type registration float_vector -> org.hibernate.type.BasicTypeReference@6b162ecc
2025-03-28T20:24:26.393-03:00 DEBUG 10968 --- [           main] org.hibernate.type.BasicTypeRegistry     : Adding type registration double_vector -> org.hibernate.type.BasicTypeReference@3b4086c1
2025-03-28T20:24:26.393-03:00 DEBUG 10968 --- [           main] org.hibernate.type.BasicTypeRegistry     : Adding type registration byte_vector -> org.hibernate.type.BasicTypeReference@58aa1d72
2025-03-28T20:24:26.393-03:00 DEBUG 10968 --- [           main] org.hibernate.type.BasicTypeRegistry     : Adding type registration row_version -> org.hibernate.type.BasicTypeReference@33d7765a
2025-03-28T20:24:26.406-03:00 DEBUG 10968 --- [           main] org.hibernate.type.BasicTypeRegistry     : Adding type registration object -> org.hibernate.type.JavaObjectType@5a05dd30
2025-03-28T20:24:26.406-03:00 DEBUG 10968 --- [           main] org.hibernate.type.BasicTypeRegistry     : Adding type registration java.lang.Object -> org.hibernate.type.JavaObjectType@5a05dd30
2025-03-28T20:24:26.407-03:00 DEBUG 10968 --- [           main] org.hibernate.type.BasicTypeRegistry     : Adding type registration null -> org.hibernate.type.NullType@8c43966
2025-03-28T20:24:26.407-03:00 DEBUG 10968 --- [           main] org.hibernate.type.BasicTypeRegistry     : Adding type registration imm_date -> org.hibernate.type.BasicTypeReference@1efac5b9
2025-03-28T20:24:26.407-03:00 DEBUG 10968 --- [           main] org.hibernate.type.BasicTypeRegistry     : Adding type registration imm_time -> org.hibernate.type.BasicTypeReference@11a3a45f
2025-03-28T20:24:26.407-03:00 DEBUG 10968 --- [           main] org.hibernate.type.BasicTypeRegistry     : Adding type registration imm_timestamp -> org.hibernate.type.BasicTypeReference@69796bd0
2025-03-28T20:24:26.407-03:00 DEBUG 10968 --- [           main] org.hibernate.type.BasicTypeRegistry     : Adding type registration imm_calendar -> org.hibernate.type.BasicTypeReference@40df6090
2025-03-28T20:24:26.407-03:00 DEBUG 10968 --- [           main] org.hibernate.type.BasicTypeRegistry     : Adding type registration imm_calendar_date -> org.hibernate.type.BasicTypeReference@8c0a23f
2025-03-28T20:24:26.407-03:00 DEBUG 10968 --- [           main] org.hibernate.type.BasicTypeRegistry     : Adding type registration imm_calendar_time -> org.hibernate.type.BasicTypeReference@44d7e24
2025-03-28T20:24:26.407-03:00 DEBUG 10968 --- [           main] org.hibernate.type.BasicTypeRegistry     : Adding type registration imm_binary -> org.hibernate.type.BasicTypeReference@26c8b296
2025-03-28T20:24:26.407-03:00 DEBUG 10968 --- [           main] org.hibernate.type.BasicTypeRegistry     : Adding type registration imm_serializable -> org.hibernate.type.BasicTypeReference@1d289d3f
2025-03-28T20:24:26.409-03:00 DEBUG 10968 --- [           main] o.h.boot.internal.BootstrapContextImpl   : Injecting JPA temp ClassLoader [org.springframework.instrument.classloading.SimpleThrowawayClassLoader@26be9a6] into BootstrapContext; was [null]
2025-03-28T20:24:26.409-03:00 DEBUG 10968 --- [           main] o.h.boot.internal.ClassLoaderAccessImpl  : ClassLoaderAccessImpl#injectTempClassLoader(org.springframework.instrument.classloading.SimpleThrowawayClassLoader@26be9a6) [was null]
2025-03-28T20:24:26.409-03:00 DEBUG 10968 --- [           main] o.h.boot.internal.BootstrapContextImpl   : Injecting ScanEnvironment [org.hibernate.jpa.boot.internal.StandardJpaScanEnvironmentImpl@391515c7] into BootstrapContext; was [null]
2025-03-28T20:24:26.409-03:00 DEBUG 10968 --- [           main] o.h.boot.internal.BootstrapContextImpl   : Injecting ScanOptions [org.hibernate.boot.archive.scan.internal.StandardScanOptions@5b0dbfb] into BootstrapContext; was [org.hibernate.boot.archive.scan.internal.StandardScanOptions@4b9dbf07]
2025-03-28T20:24:26.418-03:00 DEBUG 10968 --- [           main] o.h.j.b.i.PersistenceUnitInfoDescriptor  : Pushing class transformers for PU named 'default' on loading classloader jdk.internal.loader.ClassLoaders$AppClassLoader@c387f44
2025-03-28T20:24:26.530-03:00  INFO 10968 --- [           main] o.s.o.j.p.SpringPersistenceUnitInfo      : No LoadTimeWeaver setup: ignoring JPA class transformer
2025-03-28T20:24:26.531-03:00 DEBUG 10968 --- [           main] o.h.boot.internal.BootstrapContextImpl   : Injecting JPA temp ClassLoader [null] into BootstrapContext; was [org.springframework.instrument.classloading.SimpleThrowawayClassLoader@26be9a6]
2025-03-28T20:24:26.531-03:00 DEBUG 10968 --- [           main] o.h.boot.internal.ClassLoaderAccessImpl  : ClassLoaderAccessImpl#injectTempClassLoader(null) [was org.springframework.instrument.classloading.SimpleThrowawayClassLoader@26be9a6]
2025-03-28T20:24:26.555-03:00 DEBUG 10968 --- [           main] com.zaxxer.hikari.HikariConfig           : HikariPool-1 - configuration:
2025-03-28T20:24:26.557-03:00 DEBUG 10968 --- [           main] com.zaxxer.hikari.HikariConfig           : allowPoolSuspension.............false
2025-03-28T20:24:26.557-03:00 DEBUG 10968 --- [           main] com.zaxxer.hikari.HikariConfig           : autoCommit......................true
2025-03-28T20:24:26.557-03:00 DEBUG 10968 --- [           main] com.zaxxer.hikari.HikariConfig           : catalog.........................none
2025-03-28T20:24:26.557-03:00 DEBUG 10968 --- [           main] com.zaxxer.hikari.HikariConfig           : connectionInitSql...............none
2025-03-28T20:24:26.557-03:00 DEBUG 10968 --- [           main] com.zaxxer.hikari.HikariConfig           : connectionTestQuery.............none
2025-03-28T20:24:26.558-03:00 DEBUG 10968 --- [           main] com.zaxxer.hikari.HikariConfig           : connectionTimeout...............30000
2025-03-28T20:24:26.558-03:00 DEBUG 10968 --- [           main] com.zaxxer.hikari.HikariConfig           : dataSource......................none
2025-03-28T20:24:26.558-03:00 DEBUG 10968 --- [           main] com.zaxxer.hikari.HikariConfig           : dataSourceClassName.............none
2025-03-28T20:24:26.558-03:00 DEBUG 10968 --- [           main] com.zaxxer.hikari.HikariConfig           : dataSourceJNDI..................none
2025-03-28T20:24:26.559-03:00 DEBUG 10968 --- [           main] com.zaxxer.hikari.HikariConfig           : dataSourceProperties............{password=<masked>}
2025-03-28T20:24:26.560-03:00 DEBUG 10968 --- [           main] com.zaxxer.hikari.HikariConfig           : driverClassName................."org.h2.Driver"
2025-03-28T20:24:26.560-03:00 DEBUG 10968 --- [           main] com.zaxxer.hikari.HikariConfig           : exceptionOverrideClassName......none
2025-03-28T20:24:26.560-03:00 DEBUG 10968 --- [           main] com.zaxxer.hikari.HikariConfig           : healthCheckProperties...........{}
2025-03-28T20:24:26.560-03:00 DEBUG 10968 --- [           main] com.zaxxer.hikari.HikariConfig           : healthCheckRegistry.............none
2025-03-28T20:24:26.560-03:00 DEBUG 10968 --- [           main] com.zaxxer.hikari.HikariConfig           : idleTimeout.....................600000
2025-03-28T20:24:26.560-03:00 DEBUG 10968 --- [           main] com.zaxxer.hikari.HikariConfig           : initializationFailTimeout.......1
2025-03-28T20:24:26.560-03:00 DEBUG 10968 --- [           main] com.zaxxer.hikari.HikariConfig           : isolateInternalQueries..........false
2025-03-28T20:24:26.560-03:00 DEBUG 10968 --- [           main] com.zaxxer.hikari.HikariConfig           : jdbcUrl.........................jdbc:h2:file:./data/testdb
2025-03-28T20:24:26.560-03:00 DEBUG 10968 --- [           main] com.zaxxer.hikari.HikariConfig           : keepaliveTime...................0
2025-03-28T20:24:26.560-03:00 DEBUG 10968 --- [           main] com.zaxxer.hikari.HikariConfig           : leakDetectionThreshold..........0
2025-03-28T20:24:26.560-03:00 DEBUG 10968 --- [           main] com.zaxxer.hikari.HikariConfig           : maxLifetime.....................1800000
2025-03-28T20:24:26.560-03:00 DEBUG 10968 --- [           main] com.zaxxer.hikari.HikariConfig           : maximumPoolSize.................10
2025-03-28T20:24:26.560-03:00 DEBUG 10968 --- [           main] com.zaxxer.hikari.HikariConfig           : metricRegistry..................none
2025-03-28T20:24:26.560-03:00 DEBUG 10968 --- [           main] com.zaxxer.hikari.HikariConfig           : metricsTrackerFactory...........none
2025-03-28T20:24:26.560-03:00 DEBUG 10968 --- [           main] com.zaxxer.hikari.HikariConfig           : minimumIdle.....................10
2025-03-28T20:24:26.560-03:00 DEBUG 10968 --- [           main] com.zaxxer.hikari.HikariConfig           : password........................<masked>
2025-03-28T20:24:26.560-03:00 DEBUG 10968 --- [           main] com.zaxxer.hikari.HikariConfig           : poolName........................"HikariPool-1"
2025-03-28T20:24:26.560-03:00 DEBUG 10968 --- [           main] com.zaxxer.hikari.HikariConfig           : readOnly........................false
2025-03-28T20:24:26.560-03:00 DEBUG 10968 --- [           main] com.zaxxer.hikari.HikariConfig           : registerMbeans..................false
2025-03-28T20:24:26.560-03:00 DEBUG 10968 --- [           main] com.zaxxer.hikari.HikariConfig           : scheduledExecutor...............none
2025-03-28T20:24:26.560-03:00 DEBUG 10968 --- [           main] com.zaxxer.hikari.HikariConfig           : schema..........................none
2025-03-28T20:24:26.560-03:00 DEBUG 10968 --- [           main] com.zaxxer.hikari.HikariConfig           : threadFactory...................internal
2025-03-28T20:24:26.560-03:00 DEBUG 10968 --- [           main] com.zaxxer.hikari.HikariConfig           : transactionIsolation............default
2025-03-28T20:24:26.560-03:00 DEBUG 10968 --- [           main] com.zaxxer.hikari.HikariConfig           : username........................"sa"
2025-03-28T20:24:26.560-03:00 DEBUG 10968 --- [           main] com.zaxxer.hikari.HikariConfig           : validationTimeout...............5000
2025-03-28T20:24:26.560-03:00  INFO 10968 --- [           main] com.zaxxer.hikari.HikariDataSource       : HikariPool-1 - Starting...
2025-03-28T20:24:26.682-03:00  INFO 10968 --- [           main] com.zaxxer.hikari.pool.HikariPool        : HikariPool-1 - Added connection conn0: url=jdbc:h2:file:./data/testdb user=SA
2025-03-28T20:24:26.683-03:00  INFO 10968 --- [           main] com.zaxxer.hikari.HikariDataSource       : HikariPool-1 - Start completed.
2025-03-28T20:24:26.687-03:00 DEBUG 10968 --- [           main] o.h.e.j.e.i.JdbcEnvironmentInitiator     : Database ->
	   name : H2
	version : 2.3.232 (2024-08-11)
	  major : 2
	  minor : 3
2025-03-28T20:24:26.687-03:00 DEBUG 10968 --- [           main] o.h.e.j.e.i.JdbcEnvironmentInitiator     : Driver ->
	   name : H2 JDBC Driver
	version : 2.3.232 (2024-08-11)
	  major : 2
	  minor : 3
2025-03-28T20:24:26.687-03:00 DEBUG 10968 --- [           main] o.h.e.j.e.i.JdbcEnvironmentInitiator     : JDBC version : 4.3
2025-03-28T20:24:26.695-03:00  WARN 10968 --- [           main] org.hibernate.orm.deprecation            : HHH90000025: H2Dialect does not need to be specified explicitly using 'hibernate.dialect' (remove the property setting and it will be selected by default)
2025-03-28T20:24:26.696-03:00 DEBUG 10968 --- [           main] org.hibernate.orm.dialect                : HHH035001: Using dialect: org.hibernate.dialect.H2Dialect, version: 2.3.232
2025-03-28T20:24:26.698-03:00 DEBUG 10968 --- [           main] o.h.e.j.env.spi.IdentifierHelperBuilder  : JDBC driver metadata reported database stores quoted identifiers in neither upper, lower nor mixed case
2025-03-28T20:24:26.708-03:00  INFO 10968 --- [           main] org.hibernate.orm.connections.pooling    : HHH10001005: Database info:
	Database JDBC URL [Connecting through datasource 'HikariDataSource (HikariPool-1)']
	Database driver: undefined/unknown
	Database version: 2.3.232
	Autocommit mode: undefined/unknown
	Isolation level: undefined/unknown
	Minimum pool size: undefined/unknown
	Maximum pool size: undefined/unknown
2025-03-28T20:24:26.712-03:00 DEBUG 10968 --- [           main] o.h.t.d.jdbc.spi.JdbcTypeRegistry        : addDescriptor(NCharTypeDescriptor) replaced previous registration(CharTypeDescriptor)
2025-03-28T20:24:26.713-03:00 DEBUG 10968 --- [           main] o.h.t.d.jdbc.spi.JdbcTypeRegistry        : addDescriptor(NVarcharTypeDescriptor) replaced previous registration(VarcharTypeDescriptor)
2025-03-28T20:24:26.713-03:00 DEBUG 10968 --- [           main] o.h.t.d.jdbc.spi.JdbcTypeRegistry        : addDescriptor(LongNVarcharTypeDescriptor) replaced previous registration(LongVarcharTypeDescriptor)
2025-03-28T20:24:26.714-03:00 DEBUG 10968 --- [           main] o.h.t.d.jdbc.spi.JdbcTypeRegistry        : addDescriptor(NClobTypeDescriptor(DEFAULT)) replaced previous registration(ClobTypeDescriptor(DEFAULT))
2025-03-28T20:24:26.715-03:00 DEBUG 10968 --- [           main] o.h.t.d.jdbc.spi.JdbcTypeRegistry        : addDescriptor(TimestampUtcDescriptor) replaced previous registration(TimestampUtcDescriptor)
2025-03-28T20:24:26.718-03:00 DEBUG 10968 --- [           main] org.hibernate.type.BasicTypeRegistry     : Adding type registration org.hibernate.type.DurationType -> basicType@1(java.time.Duration,3015)
2025-03-28T20:24:26.718-03:00 DEBUG 10968 --- [           main] org.hibernate.type.BasicTypeRegistry     : Adding type registration Duration -> basicType@1(java.time.Duration,3015)
2025-03-28T20:24:26.718-03:00 DEBUG 10968 --- [           main] org.hibernate.type.BasicTypeRegistry     : Adding type registration java.time.Duration -> basicType@1(java.time.Duration,3015)
2025-03-28T20:24:26.720-03:00 DEBUG 10968 --- [           main] o.h.type.spi.TypeConfiguration$Scope     : Scoping TypeConfiguration [org.hibernate.type.spi.TypeConfiguration@144e36ae] to MetadataBuildingContext [org.hibernate.boot.internal.MetadataBuildingContextRootImpl@24615687]
2025-03-28T20:24:26.734-03:00 DEBUG 10968 --- [           main] o.h.boot.model.relational.Namespace      : Created database namespace [logicalName=Name{catalog=null, schema=null}, physicalName=Name{catalog=null, schema=null}]
2025-03-28T20:24:26.745-03:00 DEBUG 10968 --- [           main] o.h.boot.model.internal.EntityBinder     : Binding entity from annotated class: com.example.api.model.Pedido
2025-03-28T20:24:26.748-03:00 DEBUG 10968 --- [           main] o.h.boot.model.internal.EntityBinder     : Import with entity name Pedido
2025-03-28T20:24:26.751-03:00 DEBUG 10968 --- [           main] o.h.boot.model.internal.EntityBinder     : Bind entity com.example.api.model.Pedido on table pedidos
2025-03-28T20:24:26.755-03:00 DEBUG 10968 --- [           main] o.h.boot.model.internal.AnnotatedColumn  : Binding column: AnnotatedDiscriminatorColumn(column='DTYPE')
2025-03-28T20:24:26.762-03:00 DEBUG 10968 --- [           main] o.h.boot.model.internal.AnnotatedColumn  : Binding column: AnnotatedColumn()
2025-03-28T20:24:26.762-03:00 DEBUG 10968 --- [           main] o.h.boot.internal.ClassLoaderAccessImpl  : Not known whether passed class name [com.example.api.model.Pedido] is safe
2025-03-28T20:24:26.762-03:00 DEBUG 10968 --- [           main] o.h.boot.internal.ClassLoaderAccessImpl  : No temp ClassLoader provided; using live ClassLoader for loading potentially unsafe class : com.example.api.model.Pedido
2025-03-28T20:24:26.764-03:00 DEBUG 10968 --- [           main] o.h.boot.model.internal.PropertyBinder   : MetadataSourceProcessor property id with lazy=false
2025-03-28T20:24:26.765-03:00 DEBUG 10968 --- [           main] o.h.b.m.internal.AbstractPropertyHolder  : Attempting to locate auto-apply AttributeConverter for property [com.example.api.model.Pedido:id]
2025-03-28T20:24:26.767-03:00 DEBUG 10968 --- [           main] o.h.b.model.internal.BasicValueBinder    : building BasicValue for id
2025-03-28T20:24:26.768-03:00 DEBUG 10968 --- [           main] org.hibernate.mapping.BasicValue         : Skipping column re-registration: pedidos.id
2025-03-28T20:24:26.769-03:00 DEBUG 10968 --- [           main] o.h.boot.model.internal.PropertyBinder   : Building property id
2025-03-28T20:24:26.770-03:00 DEBUG 10968 --- [           main] o.h.boot.model.internal.BinderHelper     : #makeIdGenerator(BasicValue([Column(id)]), id, identity, , ...)
2025-03-28T20:24:26.771-03:00 DEBUG 10968 --- [           main] o.h.boot.model.internal.AnnotatedColumn  : Binding column: AnnotatedColumn()
2025-03-28T20:24:26.771-03:00 DEBUG 10968 --- [           main] o.h.boot.model.internal.PropertyBinder   : MetadataSourceProcessor property clienteNome with lazy=false
2025-03-28T20:24:26.771-03:00 DEBUG 10968 --- [           main] o.h.b.m.internal.AbstractPropertyHolder  : Attempting to locate auto-apply AttributeConverter for property [com.example.api.model.Pedido:clienteNome]
2025-03-28T20:24:26.771-03:00 DEBUG 10968 --- [           main] o.h.b.model.internal.BasicValueBinder    : building BasicValue for clienteNome
2025-03-28T20:24:26.771-03:00 DEBUG 10968 --- [           main] org.hibernate.mapping.BasicValue         : Skipping column re-registration: pedidos.cliente_nome
2025-03-28T20:24:26.771-03:00 DEBUG 10968 --- [           main] o.h.boot.model.internal.PropertyBinder   : Building property clienteNome
2025-03-28T20:24:26.771-03:00 DEBUG 10968 --- [           main] o.h.boot.model.internal.AnnotatedColumn  : Binding column: AnnotatedColumn()
2025-03-28T20:24:26.771-03:00 DEBUG 10968 --- [           main] o.h.boot.model.internal.PropertyBinder   : MetadataSourceProcessor property valorTotal with lazy=false
2025-03-28T20:24:26.771-03:00 DEBUG 10968 --- [           main] o.h.b.m.internal.AbstractPropertyHolder  : Attempting to locate auto-apply AttributeConverter for property [com.example.api.model.Pedido:valorTotal]
2025-03-28T20:24:26.771-03:00 DEBUG 10968 --- [           main] o.h.b.model.internal.BasicValueBinder    : building BasicValue for valorTotal
2025-03-28T20:24:26.772-03:00 DEBUG 10968 --- [           main] org.hibernate.mapping.BasicValue         : Skipping column re-registration: pedidos.valor_total
2025-03-28T20:24:26.772-03:00 DEBUG 10968 --- [           main] o.h.boot.model.internal.PropertyBinder   : Building property valorTotal
2025-03-28T20:24:26.772-03:00 DEBUG 10968 --- [           main] o.h.b.r.c.i.ClassLoaderServiceImpl       : HHH000194: Package not found or no package-info.java: com.example.api.model
2025-03-28T20:24:26.774-03:00 DEBUG 10968 --- [           main] o.h.b.model.internal.BasicValueBinder    : Starting `BasicValueBinder#fillSimpleValue` for id
2025-03-28T20:24:26.775-03:00 DEBUG 10968 --- [           main] o.h.b.model.internal.BasicValueBinder    : Starting `BasicValueBinder#fillSimpleValue` for clienteNome
2025-03-28T20:24:26.775-03:00 DEBUG 10968 --- [           main] o.h.b.model.internal.BasicValueBinder    : Starting `BasicValueBinder#fillSimpleValue` for valorTotal
2025-03-28T20:24:26.778-03:00 DEBUG 10968 --- [           main] org.hibernate.mapping.PrimaryKey         : Forcing column [id] to be non-null as it is part of the primary key for table [pedidos]
2025-03-28T20:24:26.785-03:00 DEBUG 10968 --- [l-1 housekeeper] com.zaxxer.hikari.pool.HikariPool        : HikariPool-1 - Pool stats (total=1, active=0, idle=1, waiting=0)
2025-03-28T20:24:26.786-03:00 DEBUG 10968 --- [onnection adder] com.zaxxer.hikari.pool.HikariPool        : HikariPool-1 - Added connection conn1: url=jdbc:h2:file:./data/testdb user=SA
2025-03-28T20:24:26.805-03:00 DEBUG 10968 --- [           main] o.hibernate.internal.SessionFactoryImpl  : Building session factory
2025-03-28T20:24:26.818-03:00 DEBUG 10968 --- [onnection adder] com.zaxxer.hikari.pool.HikariPool        : HikariPool-1 - After adding stats (total=2, active=0, idle=2, waiting=0)
2025-03-28T20:24:26.818-03:00 DEBUG 10968 --- [onnection adder] com.zaxxer.hikari.pool.HikariPool        : HikariPool-1 - Added connection conn2: url=jdbc:h2:file:./data/testdb user=SA
2025-03-28T20:24:26.824-03:00 DEBUG 10968 --- [           main] .h.s.i.SessionFactoryServiceRegistryImpl : EventListenerRegistry access via ServiceRegistry is deprecated.  Use `sessionFactory.getEventEngine().getListenerRegistry()` instead
2025-03-28T20:24:26.824-03:00 DEBUG 10968 --- [           main] o.hibernate.internal.SessionFactoryImpl  : Instantiating SessionFactory with settings: {java.specification.version=18, sun.cpu.isalist=amd64, hibernate.resource.beans.container=org.springframework.orm.hibernate5.SpringBeanContainer@2f8f40cc, hibernate.connection.handling_mode=DELAYED_ACQUISITION_AND_HOLD, sun.jnu.encoding=Cp1252, hibernate.dialect=org.hibernate.dialect.H2Dialect, hibernate.implicit_naming_strategy=org.springframework.boot.orm.jpa.hibernate.SpringImplicitNamingStrategy, java.class.path=C:\Users\labsfiap\Desktop\cp1\API-springboot-SOA\target\test-classes;C:\Users\labsfiap\Desktop\cp1\API-springboot-SOA\target\classes;C:\Users\labsfiap\.m2\repository\org\springframework\boot\spring-boot-starter-data-jpa\3.4.3\spring-boot-starter-data-jpa-3.4.3.jar;C:\Users\labsfiap\.m2\repository\org\springframework\boot\spring-boot-starter\3.4.3\spring-boot-starter-3.4.3.jar;C:\Users\labsfiap\.m2\repository\org\springframework\boot\spring-boot-starter-logging\3.4.3\spring-boot-starter-logging-3.4.3.jar;C:\Users\labsfiap\.m2\repository\ch\qos\logback\logback-classic\1.5.16\logback-classic-1.5.16.jar;C:\Users\labsfiap\.m2\repository\ch\qos\logback\logback-core\1.5.16\logback-core-1.5.16.jar;C:\Users\labsfiap\.m2\repository\org\apache\logging\log4j\log4j-to-slf4j\2.24.3\log4j-to-slf4j-2.24.3.jar;C:\Users\labsfiap\.m2\repository\org\apache\logging\log4j\log4j-api\2.24.3\log4j-api-2.24.3.jar;C:\Users\labsfiap\.m2\repository\org\slf4j\jul-to-slf4j\2.0.16\jul-to-slf4j-2.0.16.jar;C:\Users\labsfiap\.m2\repository\jakarta\annotation\jakarta.annotation-api\2.1.1\jakarta.annotation-api-2.1.1.jar;C:\Users\labsfiap\.m2\repository\org\yaml\snakeyaml\2.3\snakeyaml-2.3.jar;C:\Users\labsfiap\.m2\repository\org\springframework\boot\spring-boot-starter-jdbc\3.4.3\spring-boot-starter-jdbc-3.4.3.jar;C:\Users\labsfiap\.m2\repository\com\zaxxer\HikariCP\5.1.0\HikariCP-5.1.0.jar;C:\Users\labsfiap\.m2\repository\org\springframework\spring-jdbc\6.2.3\spring-jdbc-6.2.3.jar;C:\Users\labsfiap\.m2\repository\org\hibernate\orm\hibernate-core\6.6.8.Final\hibernate-core-6.6.8.Final.jar;C:\Users\labsfiap\.m2\repository\jakarta\persistence\jakarta.persistence-api\3.1.0\jakarta.persistence-api-3.1.0.jar;C:\Users\labsfiap\.m2\repository\jakarta\transaction\jakarta.transaction-api\2.0.1\jakarta.transaction-api-2.0.1.jar;C:\Users\labsfiap\.m2\repository\org\jboss\logging\jboss-logging\3.6.1.Final\jboss-logging-3.6.1.Final.jar;C:\Users\labsfiap\.m2\repository\org\hibernate\common\hibernate-commons-annotations\7.0.3.Final\hibernate-commons-annotations-7.0.3.Final.jar;C:\Users\labsfiap\.m2\repository\io\smallrye\jandex\3.2.0\jandex-3.2.0.jar;C:\Users\labsfiap\.m2\repository\com\fasterxml\classmate\1.7.0\classmate-1.7.0.jar;C:\Users\labsfiap\.m2\repository\net\bytebuddy\byte-buddy\1.15.11\byte-buddy-1.15.11.jar;C:\Users\labsfiap\.m2\repository\org\glassfish\jaxb\jaxb-runtime\4.0.5\jaxb-runtime-4.0.5.jar;C:\Users\labsfiap\.m2\repository\org\glassfish\jaxb\jaxb-core\4.0.5\jaxb-core-4.0.5.jar;C:\Users\labsfiap\.m2\repository\org\eclipse\angus\angus-activation\2.0.2\angus-activation-2.0.2.jar;C:\Users\labsfiap\.m2\repository\org\glassfish\jaxb\txw2\4.0.5\txw2-4.0.5.jar;C:\Users\labsfiap\.m2\repository\com\sun\istack\istack-commons-runtime\4.1.2\istack-commons-runtime-4.1.2.jar;C:\Users\labsfiap\.m2\repository\jakarta\inject\jakarta.inject-api\2.0.1\jakarta.inject-api-2.0.1.jar;C:\Users\labsfiap\.m2\repository\org\antlr\antlr4-runtime\4.13.0\antlr4-runtime-4.13.0.jar;C:\Users\labsfiap\.m2\repository\org\springframework\data\spring-data-jpa\3.4.3\spring-data-jpa-3.4.3.jar;C:\Users\labsfiap\.m2\repository\org\springframework\data\spring-data-commons\3.4.3\spring-data-commons-3.4.3.jar;C:\Users\labsfiap\.m2\repository\org\springframework\spring-orm\6.2.3\spring-orm-6.2.3.jar;C:\Users\labsfiap\.m2\repository\org\springframework\spring-context\6.2.3\spring-context-6.2.3.jar;C:\Users\labsfiap\.m2\repository\org\springframework\spring-aop\6.2.3\spring-aop-6.2.3.jar;C:\Users\labsfiap\.m2\repository\org\springframework\spring-tx\6.2.3\spring-tx-6.2.3.jar;C:\Users\labsfiap\.m2\repository\org\springframework\spring-beans\6.2.3\spring-beans-6.2.3.jar;C:\Users\labsfiap\.m2\repository\org\slf4j\slf4j-api\2.0.16\slf4j-api-2.0.16.jar;C:\Users\labsfiap\.m2\repository\org\springframework\spring-aspects\6.2.3\spring-aspects-6.2.3.jar;C:\Users\labsfiap\.m2\repository\org\aspectj\aspectjweaver\1.9.22.1\aspectjweaver-1.9.22.1.jar;C:\Users\labsfiap\.m2\repository\org\springframework\boot\spring-boot-starter-web\3.4.3\spring-boot-starter-web-3.4.3.jar;C:\Users\labsfiap\.m2\repository\org\springframework\boot\spring-boot-starter-json\3.4.3\spring-boot-starter-json-3.4.3.jar;C:\Users\labsfiap\.m2\repository\com\fasterxml\jackson\core\jackson-databind\2.18.2\jackson-databind-2.18.2.jar;C:\Users\labsfiap\.m2\repository\com\fasterxml\jackson\core\jackson-annotations\2.18.2\jackson-annotations-2.18.2.jar;C:\Users\labsfiap\.m2\repository\com\fasterxml\jackson\core\jackson-core\2.18.2\jackson-core-2.18.2.jar;C:\Users\labsfiap\.m2\repository\com\fasterxml\jackson\datatype\jackson-datatype-jdk8\2.18.2\jackson-datatype-jdk8-2.18.2.jar;C:\Users\labsfiap\.m2\repository\com\fasterxml\jackson\datatype\jackson-datatype-jsr310\2.18.2\jackson-datatype-jsr310-2.18.2.jar;C:\Users\labsfiap\.m2\repository\com\fasterxml\jackson\module\jackson-module-parameter-names\2.18.2\jackson-module-parameter-names-2.18.2.jar;C:\Users\labsfiap\.m2\repository\org\springframework\boot\spring-boot-starter-tomcat\3.4.3\spring-boot-starter-tomcat-3.4.3.jar;C:\Users\labsfiap\.m2\repository\org\apache\tomcat\embed\tomcat-embed-core\10.1.36\tomcat-embed-core-10.1.36.jar;C:\Users\labsfiap\.m2\repository\org\apache\tomcat\embed\tomcat-embed-el\10.1.36\tomcat-embed-el-10.1.36.jar;C:\Users\labsfiap\.m2\repository\org\apache\tomcat\embed\tomcat-embed-websocket\10.1.36\tomcat-embed-websocket-10.1.36.jar;C:\Users\labsfiap\.m2\repository\org\springframework\spring-web\6.2.3\spring-web-6.2.3.jar;C:\Users\labsfiap\.m2\repository\io\micrometer\micrometer-observation\1.14.4\micrometer-observation-1.14.4.jar;C:\Users\labsfiap\.m2\repository\io\micrometer\micrometer-commons\1.14.4\micrometer-commons-1.14.4.jar;C:\Users\labsfiap\.m2\repository\org\springframework\spring-webmvc\6.2.3\spring-webmvc-6.2.3.jar;C:\Users\labsfiap\.m2\repository\org\springframework\spring-expression\6.2.3\spring-expression-6.2.3.jar;C:\Users\labsfiap\.m2\repository\org\springframework\boot\spring-boot-devtools\3.4.3\spring-boot-devtools-3.4.3.jar;C:\Users\labsfiap\.m2\repository\org\springframework\boot\spring-boot\3.4.3\spring-boot-3.4.3.jar;C:\Users\labsfiap\.m2\repository\org\springframework\boot\spring-boot-autoconfigure\3.4.3\spring-boot-autoconfigure-3.4.3.jar;C:\Users\labsfiap\.m2\repository\com\h2database\h2\2.3.232\h2-2.3.232.jar;C:\Users\labsfiap\.m2\repository\org\projectlombok\lombok\1.18.36\lombok-1.18.36.jar;C:\Users\labsfiap\.m2\repository\org\springframework\boot\spring-boot-starter-test\3.4.3\spring-boot-starter-test-3.4.3.jar;C:\Users\labsfiap\.m2\repository\org\springframework\boot\spring-boot-test\3.4.3\spring-boot-test-3.4.3.jar;C:\Users\labsfiap\.m2\repository\org\springframework\boot\spring-boot-test-autoconfigure\3.4.3\spring-boot-test-autoconfigure-3.4.3.jar;C:\Users\labsfiap\.m2\repository\com\jayway\jsonpath\json-path\2.9.0\json-path-2.9.0.jar;C:\Users\labsfiap\.m2\repository\jakarta\xml\bind\jakarta.xml.bind-api\4.0.2\jakarta.xml.bind-api-4.0.2.jar;C:\Users\labsfiap\.m2\repository\jakarta\activation\jakarta.activation-api\2.1.3\jakarta.activation-api-2.1.3.jar;C:\Users\labsfiap\.m2\repository\net\minidev\json-smart\2.5.2\json-smart-2.5.2.jar;C:\Users\labsfiap\.m2\repository\net\minidev\accessors-smart\2.5.2\accessors-smart-2.5.2.jar;C:\Users\labsfiap\.m2\repository\org\ow2\asm\asm\9.7.1\asm-9.7.1.jar;C:\Users\labsfiap\.m2\repository\org\assertj\assertj-core\3.26.3\assertj-core-3.26.3.jar;C:\Users\labsfiap\.m2\repository\org\awaitility\awaitility\4.2.2\awaitility-4.2.2.jar;C:\Users\labsfiap\.m2\repository\org\hamcrest\hamcrest\2.2\hamcrest-2.2.jar;C:\Users\labsfiap\.m2\repository\org\junit\jupiter\junit-jupiter\5.11.4\junit-jupiter-5.11.4.jar;C:\Users\labsfiap\.m2\repository\org\junit\jupiter\junit-jupiter-api\5.11.4\junit-jupiter-api-5.11.4.jar;C:\Users\labsfiap\.m2\repository\org\opentest4j\opentest4j\1.3.0\opentest4j-1.3.0.jar;C:\Users\labsfiap\.m2\repository\org\junit\platform\junit-platform-commons\1.11.4\junit-platform-commons-1.11.4.jar;C:\Users\labsfiap\.m2\repository\org\apiguardian\apiguardian-api\1.1.2\apiguardian-api-1.1.2.jar;C:\Users\labsfiap\.m2\repository\org\junit\jupiter\junit-jupiter-params\5.11.4\junit-jupiter-params-5.11.4.jar;C:\Users\labsfiap\.m2\repository\org\junit\jupiter\junit-jupiter-engine\5.11.4\junit-jupiter-engine-5.11.4.jar;C:\Users\labsfiap\.m2\repository\org\junit\platform\junit-platform-engine\1.11.4\junit-platform-engine-1.11.4.jar;C:\Users\labsfiap\.m2\repository\org\mockito\mockito-core\5.14.2\mockito-core-5.14.2.jar;C:\Users\labsfiap\.m2\repository\net\bytebuddy\byte-buddy-agent\1.15.11\byte-buddy-agent-1.15.11.jar;C:\Users\labsfiap\.m2\repository\org\objenesis\objenesis\3.3\objenesis-3.3.jar;C:\Users\labsfiap\.m2\repository\org\mockito\mockito-junit-jupiter\5.14.2\mockito-junit-jupiter-5.14.2.jar;C:\Users\labsfiap\.m2\repository\org\skyscreamer\jsonassert\1.5.3\jsonassert-1.5.3.jar;C:\Users\labsfiap\.m2\repository\com\vaadin\external\google\android-json\0.0.20131108.vaadin1\android-json-0.0.20131108.vaadin1.jar;C:\Users\labsfiap\.m2\repository\org\springframework\spring-core\6.2.3\spring-core-6.2.3.jar;C:\Users\labsfiap\.m2\repository\org\springframework\spring-jcl\6.2.3\spring-jcl-6.2.3.jar;C:\Users\labsfiap\.m2\repository\org\springframework\spring-test\6.2.3\spring-test-6.2.3.jar;C:\Users\labsfiap\.m2\repository\org\xmlunit\xmlunit-core\2.10.0\xmlunit-core-2.10.0.jar;, java.vm.vendor=Oracle Corporation, sun.arch.data.model=64, user.variant=, java.vendor.url=https://java.oracle.com/, user.timezone=America/Araguaina, jakarta.persistence.sharedCache.mode=UNSPECIFIED, org.jboss.logging.provider=slf4j, user.country.format=BR, java.vm.specification.version=18, os.name=Windows 10, jakarta.persistence.nonJtaDataSource=HikariDataSource (HikariPool-1), sun.java.launcher=SUN_STANDARD, user.country=US, sun.boot.library.path=C:\Program Files\Java\jdk-18.0.2.1\bin, sun.java.command=C:\AppData\Local\Temp\surefire10600089557382849988\surefirebooter-20250328202424726_3.jar C:\AppData\Local\Temp\surefire10600089557382849988 2025-03-28T20-24-24_625-jvmRun1 surefire-20250328202424726_1tmp surefire_0-20250328202424726_2tmp, javax.persistence.nonJtaDataSource=HikariDataSource (HikariPool-1), hibernate.transaction.jta.platform=org.hibernate.engine.transaction.jta.platform.internal.NoJtaPlatform@14d81f2c, jdk.debug=release, surefire.test.class.path=C:\Users\labsfiap\Desktop\cp1\API-springboot-SOA\target\test-classes;C:\Users\labsfiap\Desktop\cp1\API-springboot-SOA\target\classes;C:\Users\labsfiap\.m2\repository\org\springframework\boot\spring-boot-starter-data-jpa\3.4.3\spring-boot-starter-data-jpa-3.4.3.jar;C:\Users\labsfiap\.m2\repository\org\springframework\boot\spring-boot-starter\3.4.3\spring-boot-starter-3.4.3.jar;C:\Users\labsfiap\.m2\repository\org\springframework\boot\spring-boot-starter-logging\3.4.3\spring-boot-starter-logging-3.4.3.jar;C:\Users\labsfiap\.m2\repository\ch\qos\logback\logback-classic\1.5.16\logback-classic-1.5.16.jar;C:\Users\labsfiap\.m2\repository\ch\qos\logback\logback-core\1.5.16\logback-core-1.5.16.jar;C:\Users\labsfiap\.m2\repository\org\apache\logging\log4j\log4j-to-slf4j\2.24.3\log4j-to-slf4j-2.24.3.jar;C:\Users\labsfiap\.m2\repository\org\apache\logging\log4j\log4j-api\2.24.3\log4j-api-2.24.3.jar;C:\Users\labsfiap\.m2\repository\org\slf4j\jul-to-slf4j\2.0.16\jul-to-slf4j-2.0.16.jar;C:\Users\labsfiap\.m2\repository\jakarta\annotation\jakarta.annotation-api\2.1.1\jakarta.annotation-api-2.1.1.jar;C:\Users\labsfiap\.m2\repository\org\yaml\snakeyaml\2.3\snakeyaml-2.3.jar;C:\Users\labsfiap\.m2\repository\org\springframework\boot\spring-boot-starter-jdbc\3.4.3\spring-boot-starter-jdbc-3.4.3.jar;C:\Users\labsfiap\.m2\repository\com\zaxxer\HikariCP\5.1.0\HikariCP-5.1.0.jar;C:\Users\labsfiap\.m2\repository\org\springframework\spring-jdbc\6.2.3\spring-jdbc-6.2.3.jar;C:\Users\labsfiap\.
[...]

   WebSocketServletAutoConfiguration.JettyWebSocketConfiguration:
      Did not match:
         - @ConditionalOnClass did not find required class 'org.eclipse.jetty.ee10.websocket.jakarta.server.config.JakartaWebSocketServletContainerInitializer' (OnClassCondition)

   WebSocketServletAutoConfiguration.UndertowWebSocketConfiguration:
      Did not match:
         - @ConditionalOnClass did not find required class 'io.undertow.websockets.jsr.Bootstrap' (OnClassCondition)

   XADataSourceAutoConfiguration:
      Did not match:
         - @ConditionalOnBean (types: org.springframework.boot.jdbc.XADataSourceWrapper; SearchStrategy: all) did not find any beans of type org.springframework.boot.jdbc.XADataSourceWrapper (OnBeanCondition)
      Matched:
         - @ConditionalOnClass found required classes 'javax.sql.DataSource', 'jakarta.transaction.TransactionManager', 'org.springframework.jdbc.datasource.embedded.EmbeddedDatabaseType' (OnClassCondition)


Exclusions:
-----------

    None


Unconditional classes:
----------------------

    org.springframework.boot.autoconfigure.context.ConfigurationPropertiesAutoConfiguration

    org.springframework.boot.autoconfigure.ssl.SslAutoConfiguration

    org.springframework.boot.autoconfigure.context.LifecycleAutoConfiguration

    org.springframework.boot.autoconfigure.context.PropertyPlaceholderAutoConfiguration

    org.springframework.boot.autoconfigure.availability.ApplicationAvailabilityAutoConfiguration

    org.springframework.boot.autoconfigure.info.ProjectInfoAutoConfiguration



2025-03-28T20:24:27.606-03:00  INFO 10968 --- [           main] com.example.api.ApiApplicationTests      : Started ApiApplicationTests in 2.18 seconds (process running for 2.651)
2025-03-28T20:24:27.606-03:00 DEBUG 10968 --- [           main] o.s.b.a.ApplicationAvailabilityBean      : Application availability state LivenessState changed to CORRECT
2025-03-28T20:24:27.612-03:00 DEBUG 10968 --- [           main] o.s.orm.jpa.JpaTransactionManager        : Creating new transaction with name [org.springframework.data.jpa.repository.support.SimpleJpaRepository.deleteAll]: PROPAGATION_REQUIRED,ISOLATION_DEFAULT
2025-03-28T20:24:27.612-03:00 DEBUG 10968 --- [           main] o.s.orm.jpa.JpaTransactionManager        : Opened new EntityManager [SessionImpl(2020751256<open>)] for JPA transaction
2025-03-28T20:24:27.613-03:00 DEBUG 10968 --- [           main] o.h.e.t.internal.TransactionImpl         : On TransactionImpl creation, JpaCompliance#isJpaTransactionComplianceEnabled == false
2025-03-28T20:24:27.613-03:00 DEBUG 10968 --- [           main] o.h.e.t.internal.TransactionImpl         : begin
2025-03-28T20:24:27.614-03:00 DEBUG 10968 --- [           main] o.s.orm.jpa.JpaTransactionManager        : Exposing JPA transaction as JDBC [org.springframework.orm.jpa.vendor.HibernateJpaDialect$HibernateConnectionHandle@5d00e30e]
2025-03-28T20:24:27.654-03:00 DEBUG 10968 --- [           main] org.hibernate.orm.sql.ast.create         : Created new SQL alias : p1_0
2025-03-28T20:24:27.654-03:00 DEBUG 10968 --- [           main] org.hibernate.orm.sql.ast.create         : Registration of TableGroup [StandardTableGroup(com.example.api.model.Pedido(1))] with identifierForTableGroup [com.example.api.model.Pedido] for NavigablePath [com.example.api.model.Pedido] 
2025-03-28T20:24:27.658-03:00 DEBUG 10968 --- [           main] org.hibernate.orm.results.graph.AST      : DomainResult Graph:
 \-EntityResultImpl [com.example.api.model.Pedido(1)]
 |  +-BasicFetch [com.example.api.model.Pedido(1).clienteNome]
 |  \-BasicFetch [com.example.api.model.Pedido(1).valorTotal]

2025-03-28T20:24:27.658-03:00 DEBUG 10968 --- [           main] org.hibernate.orm.sql.ast.tree           : SQL AST Tree:
    SelectStatement {
      FromClause {
        StandardTableGroup (p1 : com.example.api.model.Pedido(1)) {
          primaryTableReference : pedidos as p1_0
        }
      }
    }

2025-03-28T20:24:27.664-03:00 DEBUG 10968 --- [           main] org.hibernate.orm.sql.exec               : Skipping reading Query result cache data: cache-enabled = false, cache-mode = NORMAL
2025-03-28T20:24:27.665-03:00 DEBUG 10968 --- [           main] org.hibernate.SQL                        : select p1_0.id,p1_0.cliente_nome,p1_0.valor_total from pedidos p1_0
2025-03-28T20:24:27.671-03:00 DEBUG 10968 --- [           main] org.hibernate.orm.results                : Initializer list:
	  com.example.api.model.Pedido(1) -> EntityJoinedFetchInitializer(com.example.api.model.Pedido(1))@1580883724 (SingleTableEntityPersister(com.example.api.model.Pedido))

2025-03-28T20:24:27.683-03:00 DEBUG 10968 --- [           main] o.h.j.internal.PersistenceUnitUtilImpl   : jakarta.persistence.PersistenceUnitUtil.getIdentifier is only intended to work with enhanced entities (although Hibernate also adapts this support to its proxies); however the passed entity was not enhanced (nor a proxy).. may not be able to read identifier
2025-03-28T20:24:27.688-03:00 DEBUG 10968 --- [           main] o.s.orm.jpa.JpaTransactionManager        : Initiating transaction commit
2025-03-28T20:24:27.688-03:00 DEBUG 10968 --- [           main] o.s.orm.jpa.JpaTransactionManager        : Committing JPA transaction on EntityManager [SessionImpl(2020751256<open>)]
2025-03-28T20:24:27.688-03:00 DEBUG 10968 --- [           main] o.h.e.t.internal.TransactionImpl         : committing
2025-03-28T20:24:27.688-03:00 DEBUG 10968 --- [           main] o.h.e.i.AbstractFlushingEventListener    : Processing flush-time cascades
2025-03-28T20:24:27.689-03:00 DEBUG 10968 --- [           main] o.h.e.i.AbstractFlushingEventListener    : Dirty checking collections
2025-03-28T20:24:27.691-03:00 DEBUG 10968 --- [           main] o.h.e.i.AbstractFlushingEventListener    : Flushed: 0 insertions, 0 updates, 1 deletions to 1 objects
2025-03-28T20:24:27.691-03:00 DEBUG 10968 --- [           main] o.h.e.i.AbstractFlushingEventListener    : Flushed: 0 (re)creations, 0 updates, 0 removals to 0 collections
2025-03-28T20:24:27.692-03:00 DEBUG 10968 --- [           main] o.hibernate.internal.util.EntityPrinter  : Listing entities:
2025-03-28T20:24:27.692-03:00 DEBUG 10968 --- [           main] o.hibernate.internal.util.EntityPrinter  : com.example.api.model.Pedido{valorTotal=250.0, clienteNome=Pedido 1, id=2}
2025-03-28T20:24:27.696-03:00 DEBUG 10968 --- [           main] org.hibernate.SQL                        : delete from pedidos where id=?
2025-03-28T20:24:27.698-03:00 DEBUG 10968 --- [           main] o.s.orm.jpa.JpaTransactionManager        : Closing JPA EntityManager [SessionImpl(2020751256<open>)] after transaction
2025-03-28T20:24:27.699-03:00 DEBUG 10968 --- [           main] o.s.orm.jpa.JpaTransactionManager        : Creating new transaction with name [org.springframework.data.jpa.repository.support.SimpleJpaRepository.saveAll]: PROPAGATION_REQUIRED,ISOLATION_DEFAULT
2025-03-28T20:24:27.699-03:00 DEBUG 10968 --- [           main] o.s.orm.jpa.JpaTransactionManager        : Opened new EntityManager [SessionImpl(1612491156<open>)] for JPA transaction
2025-03-28T20:24:27.699-03:00 DEBUG 10968 --- [           main] o.h.e.t.internal.TransactionImpl         : On TransactionImpl creation, JpaCompliance#isJpaTransactionComplianceEnabled == false
2025-03-28T20:24:27.699-03:00 DEBUG 10968 --- [           main] o.h.e.t.internal.TransactionImpl         : begin
2025-03-28T20:24:27.699-03:00 DEBUG 10968 --- [           main] o.s.orm.jpa.JpaTransactionManager        : Exposing JPA transaction as JDBC [org.springframework.orm.jpa.vendor.HibernateJpaDialect$HibernateConnectionHandle@1acd2a14]
2025-03-28T20:24:27.699-03:00 DEBUG 10968 --- [           main] o.h.j.internal.PersistenceUnitUtilImpl   : jakarta.persistence.PersistenceUnitUtil.getIdentifier is only intended to work with enhanced entities (although Hibernate also adapts this support to its proxies); however the passed entity was not enhanced (nor a proxy).. may not be able to read identifier
2025-03-28T20:24:27.701-03:00 DEBUG 10968 --- [           main] org.hibernate.engine.spi.ActionQueue     : Executing identity-insert immediately
2025-03-28T20:24:27.701-03:00 DEBUG 10968 --- [           main] org.hibernate.SQL                        : insert into pedidos (cliente_nome,valor_total,id) values (?,?,default)
2025-03-28T20:24:27.706-03:00 DEBUG 10968 --- [           main] org.hibernate.orm.results                : Initializer list is empty
2025-03-28T20:24:27.706-03:00 DEBUG 10968 --- [           main] o.h.id.IdentifierGeneratorHelper         : Extracted generated values [com.example.api.model.Pedido]: [Ljava.lang.Object;@74120029
2025-03-28T20:24:27.707-03:00 DEBUG 10968 --- [           main] o.s.orm.jpa.JpaTransactionManager        : Initiating transaction commit
2025-03-28T20:24:27.707-03:00 DEBUG 10968 --- [           main] o.s.orm.jpa.JpaTransactionManager        : Committing JPA transaction on EntityManager [SessionImpl(1612491156<open>)]
2025-03-28T20:24:27.707-03:00 DEBUG 10968 --- [           main] o.h.e.t.internal.TransactionImpl         : committing
2025-03-28T20:24:27.707-03:00 DEBUG 10968 --- [           main] o.h.e.i.AbstractFlushingEventListener    : Processing flush-time cascades
2025-03-28T20:24:27.707-03:00 DEBUG 10968 --- [           main] o.h.e.i.AbstractFlushingEventListener    : Dirty checking collections
2025-03-28T20:24:27.707-03:00 DEBUG 10968 --- [           main] o.h.e.i.AbstractFlushingEventListener    : Flushed: 0 insertions, 0 updates, 0 deletions to 1 objects
2025-03-28T20:24:27.707-03:00 DEBUG 10968 --- [           main] o.h.e.i.AbstractFlushingEventListener    : Flushed: 0 (re)creations, 0 updates, 0 removals to 0 collections
2025-03-28T20:24:27.707-03:00 DEBUG 10968 --- [           main] o.hibernate.internal.util.EntityPrinter  : Listing entities:
2025-03-28T20:24:27.707-03:00 DEBUG 10968 --- [           main] o.hibernate.internal.util.EntityPrinter  : com.example.api.model.Pedido{valorTotal=250.0, clienteNome=Pedido 1, id=3}
2025-03-28T20:24:27.707-03:00 DEBUG 10968 --- [           main] o.s.orm.jpa.JpaTransactionManager        : Closing JPA EntityManager [SessionImpl(1612491156<open>)] after transaction
2025-03-28T20:24:27.708-03:00 DEBUG 10968 --- [           main] o.s.orm.jpa.JpaTransactionManager        : Creating new transaction with name [org.springframework.data.jpa.repository.support.SimpleJpaRepository.count]: PROPAGATION_REQUIRED,ISOLATION_DEFAULT,readOnly
2025-03-28T20:24:27.708-03:00 DEBUG 10968 --- [           main] o.s.orm.jpa.JpaTransactionManager        : Opened new EntityManager [SessionImpl(1970307376<open>)] for JPA transaction
2025-03-28T20:24:27.709-03:00 DEBUG 10968 --- [           main] o.s.jdbc.datasource.DataSourceUtils      : Setting JDBC Connection [HikariProxyConnection@183520621 wrapping conn0: url=jdbc:h2:file:./data/testdb user=SA] read-only
2025-03-28T20:24:27.709-03:00 DEBUG 10968 --- [           main] o.h.e.t.internal.TransactionImpl         : On TransactionImpl creation, JpaCompliance#isJpaTransactionComplianceEnabled == false
2025-03-28T20:24:27.709-03:00 DEBUG 10968 --- [           main] o.h.e.t.internal.TransactionImpl         : begin
2025-03-28T20:24:27.709-03:00 DEBUG 10968 --- [           main] o.s.orm.jpa.JpaTransactionManager        : Exposing JPA transaction as JDBC [org.springframework.orm.jpa.vendor.HibernateJpaDialect$HibernateConnectionHandle@334ac669]
2025-03-28T20:24:27.711-03:00 DEBUG 10968 --- [           main] org.hibernate.orm.query.hql              : HQL : select count(*) from Pedido x
2025-03-28T20:24:27.802-03:00 DEBUG 10968 --- [           main] o.h.o.q.hql.reservedWordAsIdentifier     : Encountered use of reserved word as identifier : (
2025-03-28T20:24:27.838-03:00 DEBUG 10968 --- [           main] org.hibernate.orm.query.sqm.ast          : SqmStatement Tree :
    -> [select]
      -> [query-spec]
        -> [select]
          -> [selection]
          <- [selection]
        <- [select]
        -> [from]
          -> [root] - `com.example.api.model.Pedido(x)`
          <- [root] - `com.example.api.model.Pedido(x)`
        <- [from]
      <- [query-spec]
    <- [select]

2025-03-28T20:24:27.840-03:00 DEBUG 10968 --- [           main] org.hibernate.orm.sql.ast.create         : Created new SQL alias : p1_0
2025-03-28T20:24:27.840-03:00 DEBUG 10968 --- [           main] org.hibernate.orm.sql.ast.create         : Registration of TableGroup [StandardTableGroup(com.example.api.model.Pedido(x))] with identifierForTableGroup [com.example.api.model.Pedido] for NavigablePath [com.example.api.model.Pedido] 
2025-03-28T20:24:27.841-03:00 DEBUG 10968 --- [           main] org.hibernate.orm.results.graph.AST      : DomainResult Graph:
 \-BasicResult

2025-03-28T20:24:27.841-03:00 DEBUG 10968 --- [           main] org.hibernate.orm.sql.ast.tree           : SQL AST Tree:
    SelectStatement {
      FromClause {
        StandardTableGroup (p1 : com.example.api.model.Pedido(x)) {
          primaryTableReference : pedidos as p1_0
        }
      }
    }

2025-03-28T20:24:27.842-03:00 DEBUG 10968 --- [           main] org.hibernate.orm.sql.exec               : Skipping reading Query result cache data: cache-enabled = false, cache-mode = NORMAL
2025-03-28T20:24:27.842-03:00 DEBUG 10968 --- [           main] org.hibernate.SQL                        : select count(*) from pedidos p1_0
2025-03-28T20:24:27.842-03:00 DEBUG 10968 --- [           main] org.hibernate.orm.results                : Initializer list is empty
2025-03-28T20:24:27.842-03:00 DEBUG 10968 --- [           main] o.s.orm.jpa.JpaTransactionManager        : Initiating transaction commit
2025-03-28T20:24:27.842-03:00 DEBUG 10968 --- [           main] o.s.orm.jpa.JpaTransactionManager        : Committing JPA transaction on EntityManager [SessionImpl(1970307376<open>)]
2025-03-28T20:24:27.842-03:00 DEBUG 10968 --- [           main] o.h.e.t.internal.TransactionImpl         : committing
2025-03-28T20:24:27.843-03:00 DEBUG 10968 --- [           main] o.s.jdbc.datasource.DataSourceUtils      : Resetting read-only flag of JDBC Connection [HikariProxyConnection@183520621 wrapping conn0: url=jdbc:h2:file:./data/testdb user=SA]
2025-03-28T20:24:27.843-03:00 DEBUG 10968 --- [           main] o.s.orm.jpa.JpaTransactionManager        : Closing JPA EntityManager [SessionImpl(1970307376<open>)] after transaction
Total de pedidos: 1
2025-03-28T20:24:27.843-03:00 DEBUG 10968 --- [           main] o.s.boot.devtools.restart.Restarter      : Creating new Restarter for thread Thread[main,5,main]
2025-03-28T20:24:27.843-03:00 DEBUG 10968 --- [           main] o.s.b.a.ApplicationAvailabilityBean      : Application availability state ReadinessState changed to ACCEPTING_TRAFFIC
2025-03-28T20:24:27.844-03:00 DEBUG 10968 --- [           main] org.springframework.test.context.cache   : Spring test ApplicationContext cache statistics: [DefaultContextCache@203b98cf size = 1, maxSize = 32, parentContextCount = 0, hitCount = 0, missCount = 1, failureCount = 0]
2025-03-28T20:24:27.844-03:00 DEBUG 10968 --- [           main] o.s.t.c.w.ServletTestExecutionListener   : Setting up MockHttpServletRequest, MockHttpServletResponse, ServletWebRequest, and RequestContextHolder for test class com.example.api.ApiApplicationTests
2025-03-28T20:24:27.849-03:00 DEBUG 10968 --- [           main] DependencyInjectionTestExecutionListener : Performing dependency injection for test class com.example.api.ApiApplicationTests
2025-03-28T20:24:27.849-03:00 DEBUG 10968 --- [           main] org.springframework.test.context.cache   : Spring test ApplicationContext cache statistics: [DefaultContextCache@203b98cf size = 1, maxSize = 32, parentContextCount = 0, hitCount = 1, missCount = 1, failureCount = 0]
2025-03-28T20:24:27.849-03:00 DEBUG 10968 --- [           main] org.springframework.test.context.cache   : Spring test ApplicationContext cache statistics: [DefaultContextCache@203b98cf size = 1, maxSize = 32, parentContextCount = 0, hitCount = 2, missCount = 1, failureCount = 0]
2025-03-28T20:24:27.851-03:00 DEBUG 10968 --- [           main] sContextBeforeModesTestExecutionListener : Before test method: class [ApiApplicationTests], method [contextLoads], class annotated with @DirtiesContext [false] with mode [null], method annotated with @DirtiesContext [false] with mode [null]
2025-03-28T20:24:27.852-03:00 DEBUG 10968 --- [           main] org.springframework.test.context.cache   : Spring test ApplicationContext cache statistics: [DefaultContextCache@203b98cf size = 1, maxSize = 32, parentContextCount = 0, hitCount = 3, missCount = 1, failureCount = 0]
2025-03-28T20:24:27.852-03:00 DEBUG 10968 --- [           main] org.springframework.test.context.cache   : Spring test ApplicationContext cache statistics: [DefaultContextCache@203b98cf size = 1, maxSize = 32, parentContextCount = 0, hitCount = 4, missCount = 1, failureCount = 0]
2025-03-28T20:24:28.070-03:00 DEBUG 10968 --- [           main] org.springframework.test.context.cache   : Spring test ApplicationContext cache statistics: [DefaultContextCache@203b98cf size = 1, maxSize = 32, parentContextCount = 0, hitCount = 5, missCount = 1, failureCount = 0]
2025-03-28T20:24:28.072-03:00 DEBUG 10968 --- [           main] org.springframework.test.context.cache   : Spring test ApplicationContext cache statistics: [DefaultContextCache@203b98cf size = 1, maxSize = 32, parentContextCount = 0, hitCount = 6, missCount = 1, failureCount = 0]
2025-03-28T20:24:28.074-03:00 DEBUG 10968 --- [           main] org.springframework.test.context.cache   : Spring test ApplicationContext cache statistics: [DefaultContextCache@203b98cf size = 1, maxSize = 32, parentContextCount = 0, hitCount = 7, missCount = 1, failureCount = 0]
2025-03-28T20:24:28.074-03:00 DEBUG 10968 --- [           main] org.springframework.test.context.cache   : Spring test ApplicationContext cache statistics: [DefaultContextCache@203b98cf size = 1, maxSize = 32, parentContextCount = 0, hitCount = 8, missCount = 1, failureCount = 0]
2025-03-28T20:24:28.075-03:00 DEBUG 10968 --- [           main] org.springframework.test.context.cache   : Spring test ApplicationContext cache statistics: [DefaultContextCache@203b98cf size = 1, maxSize = 32, parentContextCount = 0, hitCount = 9, missCount = 1, failureCount = 0]
2025-03-28T20:24:28.075-03:00 DEBUG 10968 --- [           main] org.springframework.test.context.cache   : Spring test ApplicationContext cache statistics: [DefaultContextCache@203b98cf size = 1, maxSize = 32, parentContextCount = 0, hitCount = 10, missCount = 1, failureCount = 0]
2025-03-28T20:24:28.075-03:00 DEBUG 10968 --- [           main] org.springframework.test.context.cache   : Spring test ApplicationContext cache statistics: [DefaultContextCache@203b98cf size = 1, maxSize = 32, parentContextCount = 0, hitCount = 11, missCount = 1, failureCount = 0]
2025-03-28T20:24:28.076-03:00 DEBUG 10968 --- [           main] org.springframework.test.context.cache   : Spring test ApplicationContext cache statistics: [DefaultContextCache@203b98cf size = 1, maxSize = 32, parentContextCount = 0, hitCount = 12, missCount = 1, failureCount = 0]
2025-03-28T20:24:28.076-03:00 DEBUG 10968 --- [           main] org.springframework.test.context.cache   : Spring test ApplicationContext cache statistics: [DefaultContextCache@203b98cf size = 1, maxSize = 32, parentContextCount = 0, hitCount = 13, missCount = 1, failureCount = 0]
2025-03-28T20:24:28.076-03:00 DEBUG 10968 --- [           main] .c.s.DirtiesContextTestExecutionListener : After test method: class [ApiApplicationTests], method [contextLoads], class annotated with @DirtiesContext [false] with mode [null], method annotated with @DirtiesContext [false] with mode [null]
2025-03-28T20:24:28.076-03:00 DEBUG 10968 --- [           main] o.s.t.c.w.ServletTestExecutionListener   : Resetting RequestContextHolder for test class com.example.api.ApiApplicationTests
]]></system-out>
  </testcase>
</testsuite>